[2023-11-09T16:56:23,557][INFO ][o.a.l.i.v.PanamaVectorizationProvider] [dynamic-oit-vapornet100-10-8-26-245.princeton.edu] Java vector incubator API enabled; uses preferredBitSize=128
[2023-11-09T16:56:24,820][INFO ][o.e.n.Node               ] [dynamic-oit-vapornet100-10-8-26-245.princeton.edu] version[8.11.0], pid[82917], build[tar/d9ec3fa628c7b0ba3d25692e277ba26814820b20/2023-11-04T10:04:57.184859352Z], OS[Mac OS X/14.0/x86_64], JVM[Oracle Corporation/OpenJDK 64-Bit Server VM/21.0.1/21.0.1+12-29]
[2023-11-09T16:56:24,824][INFO ][o.e.n.Node               ] [dynamic-oit-vapornet100-10-8-26-245.princeton.edu] JVM home [/Users/ibe/School/AdvancedProgrammingTechniquesCOS333/gigl/elasticsearch-8.11.0/jdk.app/Contents/Home], using bundled JDK [true]
[2023-11-09T16:56:24,826][INFO ][o.e.n.Node               ] [dynamic-oit-vapornet100-10-8-26-245.princeton.edu] JVM arguments [-Des.networkaddress.cache.ttl=60, -Des.networkaddress.cache.negative.ttl=10, -Djava.security.manager=allow, -XX:+AlwaysPreTouch, -Xss1m, -Djava.awt.headless=true, -Dfile.encoding=UTF-8, -Djna.nosys=true, -XX:-OmitStackTraceInFastThrow, -Dio.netty.noUnsafe=true, -Dio.netty.noKeySetOptimization=true, -Dio.netty.recycler.maxCapacityPerThread=0, -Dlog4j.shutdownHookEnabled=false, -Dlog4j2.disable.jmx=true, -Dlog4j2.formatMsgNoLookups=true, -Djava.locale.providers=SPI,COMPAT, --add-opens=java.base/java.io=org.elasticsearch.preallocate, -XX:+UseG1GC, -Djava.io.tmpdir=/var/folders/k1/1xf6_j414v9997drrpbd3_v80000gn/T/elasticsearch-14754465202792317238, --add-modules=jdk.incubator.vector, -XX:+HeapDumpOnOutOfMemoryError, -XX:+ExitOnOutOfMemoryError, -XX:HeapDumpPath=data, -XX:ErrorFile=logs/hs_err_pid%p.log, -Xlog:gc*,gc+age=trace,safepoint:file=logs/gc.log:utctime,level,pid,tags:filecount=32,filesize=64m, -Xms8192m, -Xmx8192m, -XX:MaxDirectMemorySize=4294967296, -XX:InitiatingHeapOccupancyPercent=30, -XX:G1ReservePercent=25, -Des.distribution.type=tar, --module-path=/Users/ibe/School/AdvancedProgrammingTechniquesCOS333/gigl/elasticsearch-8.11.0/lib, --add-modules=jdk.net, --add-modules=ALL-MODULE-PATH, -Djdk.module.main=org.elasticsearch.server]
[2023-11-09T16:56:31,317][INFO ][o.e.p.PluginsService     ] [dynamic-oit-vapornet100-10-8-26-245.princeton.edu] loaded module [repository-url]
[2023-11-09T16:56:31,326][INFO ][o.e.p.PluginsService     ] [dynamic-oit-vapornet100-10-8-26-245.princeton.edu] loaded module [rest-root]
[2023-11-09T16:56:31,327][INFO ][o.e.p.PluginsService     ] [dynamic-oit-vapornet100-10-8-26-245.princeton.edu] loaded module [x-pack-core]
[2023-11-09T16:56:31,327][INFO ][o.e.p.PluginsService     ] [dynamic-oit-vapornet100-10-8-26-245.princeton.edu] loaded module [x-pack-redact]
[2023-11-09T16:56:31,327][INFO ][o.e.p.PluginsService     ] [dynamic-oit-vapornet100-10-8-26-245.princeton.edu] loaded module [ingest-user-agent]
[2023-11-09T16:56:31,328][INFO ][o.e.p.PluginsService     ] [dynamic-oit-vapornet100-10-8-26-245.princeton.edu] loaded module [x-pack-async-search]
[2023-11-09T16:56:31,328][INFO ][o.e.p.PluginsService     ] [dynamic-oit-vapornet100-10-8-26-245.princeton.edu] loaded module [x-pack-monitoring]
[2023-11-09T16:56:31,329][INFO ][o.e.p.PluginsService     ] [dynamic-oit-vapornet100-10-8-26-245.princeton.edu] loaded module [repository-s3]
[2023-11-09T16:56:31,329][INFO ][o.e.p.PluginsService     ] [dynamic-oit-vapornet100-10-8-26-245.princeton.edu] loaded module [x-pack-analytics]
[2023-11-09T16:56:31,329][INFO ][o.e.p.PluginsService     ] [dynamic-oit-vapornet100-10-8-26-245.princeton.edu] loaded module [x-pack-ent-search]
[2023-11-09T16:56:31,330][INFO ][o.e.p.PluginsService     ] [dynamic-oit-vapornet100-10-8-26-245.princeton.edu] loaded module [x-pack-autoscaling]
[2023-11-09T16:56:31,330][INFO ][o.e.p.PluginsService     ] [dynamic-oit-vapornet100-10-8-26-245.princeton.edu] loaded module [lang-painless]
[2023-11-09T16:56:31,331][INFO ][o.e.p.PluginsService     ] [dynamic-oit-vapornet100-10-8-26-245.princeton.edu] loaded module [x-pack-ml]
[2023-11-09T16:56:31,332][INFO ][o.e.p.PluginsService     ] [dynamic-oit-vapornet100-10-8-26-245.princeton.edu] loaded module [legacy-geo]
[2023-11-09T16:56:31,333][INFO ][o.e.p.PluginsService     ] [dynamic-oit-vapornet100-10-8-26-245.princeton.edu] loaded module [lang-mustache]
[2023-11-09T16:56:31,334][INFO ][o.e.p.PluginsService     ] [dynamic-oit-vapornet100-10-8-26-245.princeton.edu] loaded module [x-pack-ql]
[2023-11-09T16:56:31,334][INFO ][o.e.p.PluginsService     ] [dynamic-oit-vapornet100-10-8-26-245.princeton.edu] loaded module [rank-rrf]
[2023-11-09T16:56:31,334][INFO ][o.e.p.PluginsService     ] [dynamic-oit-vapornet100-10-8-26-245.princeton.edu] loaded module [analysis-common]
[2023-11-09T16:56:31,335][INFO ][o.e.p.PluginsService     ] [dynamic-oit-vapornet100-10-8-26-245.princeton.edu] loaded module [transport-netty4]
[2023-11-09T16:56:31,335][INFO ][o.e.p.PluginsService     ] [dynamic-oit-vapornet100-10-8-26-245.princeton.edu] loaded module [aggregations]
[2023-11-09T16:56:31,335][INFO ][o.e.p.PluginsService     ] [dynamic-oit-vapornet100-10-8-26-245.princeton.edu] loaded module [ingest-common]
[2023-11-09T16:56:31,336][INFO ][o.e.p.PluginsService     ] [dynamic-oit-vapornet100-10-8-26-245.princeton.edu] loaded module [x-pack-identity-provider]
[2023-11-09T16:56:31,337][INFO ][o.e.p.PluginsService     ] [dynamic-oit-vapornet100-10-8-26-245.princeton.edu] loaded module [frozen-indices]
[2023-11-09T16:56:31,337][INFO ][o.e.p.PluginsService     ] [dynamic-oit-vapornet100-10-8-26-245.princeton.edu] loaded module [x-pack-text-structure]
[2023-11-09T16:56:31,338][INFO ][o.e.p.PluginsService     ] [dynamic-oit-vapornet100-10-8-26-245.princeton.edu] loaded module [x-pack-shutdown]
[2023-11-09T16:56:31,338][INFO ][o.e.p.PluginsService     ] [dynamic-oit-vapornet100-10-8-26-245.princeton.edu] loaded module [snapshot-repo-test-kit]
[2023-11-09T16:56:31,338][INFO ][o.e.p.PluginsService     ] [dynamic-oit-vapornet100-10-8-26-245.princeton.edu] loaded module [ml-package-loader]
[2023-11-09T16:56:31,338][INFO ][o.e.p.PluginsService     ] [dynamic-oit-vapornet100-10-8-26-245.princeton.edu] loaded module [kibana]
[2023-11-09T16:56:31,339][INFO ][o.e.p.PluginsService     ] [dynamic-oit-vapornet100-10-8-26-245.princeton.edu] loaded module [constant-keyword]
[2023-11-09T16:56:31,339][INFO ][o.e.p.PluginsService     ] [dynamic-oit-vapornet100-10-8-26-245.princeton.edu] loaded module [x-pack-logstash]
[2023-11-09T16:56:31,339][INFO ][o.e.p.PluginsService     ] [dynamic-oit-vapornet100-10-8-26-245.princeton.edu] loaded module [x-pack-graph]
[2023-11-09T16:56:31,340][INFO ][o.e.p.PluginsService     ] [dynamic-oit-vapornet100-10-8-26-245.princeton.edu] loaded module [x-pack-ccr]
[2023-11-09T16:56:31,341][INFO ][o.e.p.PluginsService     ] [dynamic-oit-vapornet100-10-8-26-245.princeton.edu] loaded module [x-pack-esql]
[2023-11-09T16:56:31,342][INFO ][o.e.p.PluginsService     ] [dynamic-oit-vapornet100-10-8-26-245.princeton.edu] loaded module [parent-join]
[2023-11-09T16:56:31,342][INFO ][o.e.p.PluginsService     ] [dynamic-oit-vapornet100-10-8-26-245.princeton.edu] loaded module [x-pack-enrich]
[2023-11-09T16:56:31,343][INFO ][o.e.p.PluginsService     ] [dynamic-oit-vapornet100-10-8-26-245.princeton.edu] loaded module [repositories-metering-api]
[2023-11-09T16:56:31,343][INFO ][o.e.p.PluginsService     ] [dynamic-oit-vapornet100-10-8-26-245.princeton.edu] loaded module [transform]
[2023-11-09T16:56:31,344][INFO ][o.e.p.PluginsService     ] [dynamic-oit-vapornet100-10-8-26-245.princeton.edu] loaded module [repository-azure]
[2023-11-09T16:56:31,344][INFO ][o.e.p.PluginsService     ] [dynamic-oit-vapornet100-10-8-26-245.princeton.edu] loaded module [repository-gcs]
[2023-11-09T16:56:31,345][INFO ][o.e.p.PluginsService     ] [dynamic-oit-vapornet100-10-8-26-245.princeton.edu] loaded module [spatial]
[2023-11-09T16:56:31,346][INFO ][o.e.p.PluginsService     ] [dynamic-oit-vapornet100-10-8-26-245.princeton.edu] loaded module [apm]
[2023-11-09T16:56:31,346][INFO ][o.e.p.PluginsService     ] [dynamic-oit-vapornet100-10-8-26-245.princeton.edu] loaded module [mapper-extras]
[2023-11-09T16:56:31,346][INFO ][o.e.p.PluginsService     ] [dynamic-oit-vapornet100-10-8-26-245.princeton.edu] loaded module [mapper-version]
[2023-11-09T16:56:31,347][INFO ][o.e.p.PluginsService     ] [dynamic-oit-vapornet100-10-8-26-245.princeton.edu] loaded module [x-pack-rollup]
[2023-11-09T16:56:31,347][INFO ][o.e.p.PluginsService     ] [dynamic-oit-vapornet100-10-8-26-245.princeton.edu] loaded module [percolator]
[2023-11-09T16:56:31,348][INFO ][o.e.p.PluginsService     ] [dynamic-oit-vapornet100-10-8-26-245.princeton.edu] loaded module [data-streams]
[2023-11-09T16:56:31,348][INFO ][o.e.p.PluginsService     ] [dynamic-oit-vapornet100-10-8-26-245.princeton.edu] loaded module [x-pack-stack]
[2023-11-09T16:56:31,348][INFO ][o.e.p.PluginsService     ] [dynamic-oit-vapornet100-10-8-26-245.princeton.edu] loaded module [rank-eval]
[2023-11-09T16:56:31,348][INFO ][o.e.p.PluginsService     ] [dynamic-oit-vapornet100-10-8-26-245.princeton.edu] loaded module [reindex]
[2023-11-09T16:56:31,348][INFO ][o.e.p.PluginsService     ] [dynamic-oit-vapornet100-10-8-26-245.princeton.edu] loaded module [x-pack-security]
[2023-11-09T16:56:31,349][INFO ][o.e.p.PluginsService     ] [dynamic-oit-vapornet100-10-8-26-245.princeton.edu] loaded module [blob-cache]
[2023-11-09T16:56:31,349][INFO ][o.e.p.PluginsService     ] [dynamic-oit-vapornet100-10-8-26-245.princeton.edu] loaded module [searchable-snapshots]
[2023-11-09T16:56:31,349][INFO ][o.e.p.PluginsService     ] [dynamic-oit-vapornet100-10-8-26-245.princeton.edu] loaded module [x-pack-slm]
[2023-11-09T16:56:31,349][INFO ][o.e.p.PluginsService     ] [dynamic-oit-vapornet100-10-8-26-245.princeton.edu] loaded module [snapshot-based-recoveries]
[2023-11-09T16:56:31,349][INFO ][o.e.p.PluginsService     ] [dynamic-oit-vapornet100-10-8-26-245.princeton.edu] loaded module [x-pack-watcher]
[2023-11-09T16:56:31,349][INFO ][o.e.p.PluginsService     ] [dynamic-oit-vapornet100-10-8-26-245.princeton.edu] loaded module [old-lucene-versions]
[2023-11-09T16:56:31,350][INFO ][o.e.p.PluginsService     ] [dynamic-oit-vapornet100-10-8-26-245.princeton.edu] loaded module [x-pack-ilm]
[2023-11-09T16:56:31,350][INFO ][o.e.p.PluginsService     ] [dynamic-oit-vapornet100-10-8-26-245.princeton.edu] loaded module [x-pack-voting-only-node]
[2023-11-09T16:56:31,350][INFO ][o.e.p.PluginsService     ] [dynamic-oit-vapornet100-10-8-26-245.princeton.edu] loaded module [x-pack-deprecation]
[2023-11-09T16:56:31,351][INFO ][o.e.p.PluginsService     ] [dynamic-oit-vapornet100-10-8-26-245.princeton.edu] loaded module [x-pack-fleet]
[2023-11-09T16:56:31,351][INFO ][o.e.p.PluginsService     ] [dynamic-oit-vapornet100-10-8-26-245.princeton.edu] loaded module [x-pack-profiling]
[2023-11-09T16:56:31,351][INFO ][o.e.p.PluginsService     ] [dynamic-oit-vapornet100-10-8-26-245.princeton.edu] loaded module [x-pack-aggregate-metric]
[2023-11-09T16:56:31,351][INFO ][o.e.p.PluginsService     ] [dynamic-oit-vapornet100-10-8-26-245.princeton.edu] loaded module [x-pack-downsample]
[2023-11-09T16:56:31,352][INFO ][o.e.p.PluginsService     ] [dynamic-oit-vapornet100-10-8-26-245.princeton.edu] loaded module [ingest-geoip]
[2023-11-09T16:56:31,354][INFO ][o.e.p.PluginsService     ] [dynamic-oit-vapornet100-10-8-26-245.princeton.edu] loaded module [inference]
[2023-11-09T16:56:31,355][INFO ][o.e.p.PluginsService     ] [dynamic-oit-vapornet100-10-8-26-245.princeton.edu] loaded module [x-pack-write-load-forecaster]
[2023-11-09T16:56:31,355][INFO ][o.e.p.PluginsService     ] [dynamic-oit-vapornet100-10-8-26-245.princeton.edu] loaded module [search-business-rules]
[2023-11-09T16:56:31,355][INFO ][o.e.p.PluginsService     ] [dynamic-oit-vapornet100-10-8-26-245.princeton.edu] loaded module [wildcard]
[2023-11-09T16:56:31,355][INFO ][o.e.p.PluginsService     ] [dynamic-oit-vapornet100-10-8-26-245.princeton.edu] loaded module [ingest-attachment]
[2023-11-09T16:56:31,355][INFO ][o.e.p.PluginsService     ] [dynamic-oit-vapornet100-10-8-26-245.princeton.edu] loaded module [unsigned-long]
[2023-11-09T16:56:31,356][INFO ][o.e.p.PluginsService     ] [dynamic-oit-vapornet100-10-8-26-245.princeton.edu] loaded module [x-pack-sql]
[2023-11-09T16:56:31,356][INFO ][o.e.p.PluginsService     ] [dynamic-oit-vapornet100-10-8-26-245.princeton.edu] loaded module [runtime-fields-common]
[2023-11-09T16:56:31,359][INFO ][o.e.p.PluginsService     ] [dynamic-oit-vapornet100-10-8-26-245.princeton.edu] loaded module [x-pack-async]
[2023-11-09T16:56:31,359][INFO ][o.e.p.PluginsService     ] [dynamic-oit-vapornet100-10-8-26-245.princeton.edu] loaded module [vector-tile]
[2023-11-09T16:56:31,359][INFO ][o.e.p.PluginsService     ] [dynamic-oit-vapornet100-10-8-26-245.princeton.edu] loaded module [lang-expression]
[2023-11-09T16:56:31,359][INFO ][o.e.p.PluginsService     ] [dynamic-oit-vapornet100-10-8-26-245.princeton.edu] loaded module [x-pack-eql]
[2023-11-09T16:56:35,324][INFO ][o.e.e.NodeEnvironment    ] [dynamic-oit-vapornet100-10-8-26-245.princeton.edu] using [1] data paths, mounts [[/System/Volumes/Data (/dev/disk3s5)]], net usable_space [60gb], net total_space [460.4gb], types [apfs]
[2023-11-09T16:56:35,328][INFO ][o.e.e.NodeEnvironment    ] [dynamic-oit-vapornet100-10-8-26-245.princeton.edu] heap size [8gb], compressed ordinary object pointers [true]
[2023-11-09T16:56:35,371][INFO ][o.e.n.Node               ] [dynamic-oit-vapornet100-10-8-26-245.princeton.edu] node name [dynamic-oit-vapornet100-10-8-26-245.princeton.edu], node ID [MeWS785kRAWm5YNwMdqNwA], cluster name [elasticsearch], roles [ingest, data_frozen, ml, data_hot, transform, data_content, data_warm, master, remote_cluster_client, data, data_cold]
[2023-11-09T16:56:39,924][INFO ][o.e.x.m.p.l.CppLogMessageHandler] [dynamic-oit-vapornet100-10-8-26-245.princeton.edu] [controller/82922] [Main.cc@123] controller (64 bit): Version 8.11.0 (Build e39a40d810307c) Copyright (c) 2023 Elasticsearch BV
[2023-11-09T16:56:40,294][INFO ][o.e.x.s.Security         ] [dynamic-oit-vapornet100-10-8-26-245.princeton.edu] Security is enabled
[2023-11-09T16:56:41,072][INFO ][o.e.x.s.a.s.FileRolesStore] [dynamic-oit-vapornet100-10-8-26-245.princeton.edu] parsed [0] roles from file [/Users/ibe/School/AdvancedProgrammingTechniquesCOS333/gigl/elasticsearch-8.11.0/config/roles.yml]
[2023-11-09T16:56:42,255][INFO ][o.e.x.p.ProfilingPlugin  ] [dynamic-oit-vapornet100-10-8-26-245.princeton.edu] Profiling is enabled
[2023-11-09T16:56:42,313][INFO ][o.e.x.p.ProfilingPlugin  ] [dynamic-oit-vapornet100-10-8-26-245.princeton.edu] profiling index templates will not be installed or reinstalled
[2023-11-09T16:56:43,102][INFO ][o.e.t.n.NettyAllocator   ] [dynamic-oit-vapornet100-10-8-26-245.princeton.edu] creating NettyAllocator with the following configs: [name=elasticsearch_configured, chunk_size=1mb, suggested_max_allocation_size=1mb, factors={es.unsafe.use_netty_default_chunk_and_page_size=false, g1gc_enabled=true, g1gc_region_size=4mb}]
[2023-11-09T16:56:43,143][INFO ][o.e.i.r.RecoverySettings ] [dynamic-oit-vapornet100-10-8-26-245.princeton.edu] using rate limit [40mb] with [default=40mb, read=0b, write=0b, max=0b]
[2023-11-09T16:56:43,205][INFO ][o.e.d.DiscoveryModule    ] [dynamic-oit-vapornet100-10-8-26-245.princeton.edu] using discovery type [multi-node] and seed hosts providers [settings]
[2023-11-09T16:56:45,731][INFO ][o.e.n.Node               ] [dynamic-oit-vapornet100-10-8-26-245.princeton.edu] initialized
[2023-11-09T16:56:45,748][INFO ][o.e.n.Node               ] [dynamic-oit-vapornet100-10-8-26-245.princeton.edu] starting ...
[2023-11-09T16:56:45,816][INFO ][o.e.x.s.c.f.PersistentCache] [dynamic-oit-vapornet100-10-8-26-245.princeton.edu] persistent cache index loaded
[2023-11-09T16:56:45,818][INFO ][o.e.x.d.l.DeprecationIndexingComponent] [dynamic-oit-vapornet100-10-8-26-245.princeton.edu] deprecation component started
[2023-11-09T16:56:46,013][INFO ][o.e.t.TransportService   ] [dynamic-oit-vapornet100-10-8-26-245.princeton.edu] publish_address {127.0.0.1:9300}, bound_addresses {[::1]:9300}, {127.0.0.1:9300}
[2023-11-09T16:56:46,283][INFO ][o.e.c.c.ClusterBootstrapService] [dynamic-oit-vapornet100-10-8-26-245.princeton.edu] this node has not joined a bootstrapped cluster yet; [cluster.initial_master_nodes] is set to [dynamic-oit-vapornet100-10-8-26-245.princeton.edu]
[2023-11-09T16:56:46,297][INFO ][o.e.c.c.Coordinator      ] [dynamic-oit-vapornet100-10-8-26-245.princeton.edu] setting initial configuration to VotingConfiguration{MeWS785kRAWm5YNwMdqNwA}
[2023-11-09T16:56:46,632][INFO ][o.e.c.s.MasterService    ] [dynamic-oit-vapornet100-10-8-26-245.princeton.edu] elected-as-master ([1] nodes joined in term 1)[_FINISH_ELECTION_, {dynamic-oit-vapornet100-10-8-26-245.princeton.edu}{MeWS785kRAWm5YNwMdqNwA}{wYeg_bMtSX-09DBmWqDzmA}{dynamic-oit-vapornet100-10-8-26-245.princeton.edu}{127.0.0.1}{127.0.0.1:9300}{cdfhilmrstw}{8.11.0}{7000099-8500003} completing election], term: 1, version: 1, delta: master node changed {previous [], current [{dynamic-oit-vapornet100-10-8-26-245.princeton.edu}{MeWS785kRAWm5YNwMdqNwA}{wYeg_bMtSX-09DBmWqDzmA}{dynamic-oit-vapornet100-10-8-26-245.princeton.edu}{127.0.0.1}{127.0.0.1:9300}{cdfhilmrstw}{8.11.0}{7000099-8500003}]}
[2023-11-09T16:56:46,683][INFO ][o.e.c.c.CoordinationState] [dynamic-oit-vapornet100-10-8-26-245.princeton.edu] cluster UUID set to [_-sDEvthRWyuzskVWHLB2w]
[2023-11-09T16:56:46,732][INFO ][o.e.c.s.ClusterApplierService] [dynamic-oit-vapornet100-10-8-26-245.princeton.edu] master node changed {previous [], current [{dynamic-oit-vapornet100-10-8-26-245.princeton.edu}{MeWS785kRAWm5YNwMdqNwA}{wYeg_bMtSX-09DBmWqDzmA}{dynamic-oit-vapornet100-10-8-26-245.princeton.edu}{127.0.0.1}{127.0.0.1:9300}{cdfhilmrstw}{8.11.0}{7000099-8500003}]}, term: 1, version: 1, reason: Publication{term=1, version=1}
[2023-11-09T16:56:46,777][INFO ][o.e.c.f.AbstractFileWatchingService] [dynamic-oit-vapornet100-10-8-26-245.princeton.edu] starting file watcher ...
[2023-11-09T16:56:46,783][INFO ][o.e.c.f.AbstractFileWatchingService] [dynamic-oit-vapornet100-10-8-26-245.princeton.edu] file settings service up and running [tid=75]
[2023-11-09T16:56:46,795][INFO ][o.e.c.c.NodeJoinExecutor ] [dynamic-oit-vapornet100-10-8-26-245.princeton.edu] node-join: [{dynamic-oit-vapornet100-10-8-26-245.princeton.edu}{MeWS785kRAWm5YNwMdqNwA}{wYeg_bMtSX-09DBmWqDzmA}{dynamic-oit-vapornet100-10-8-26-245.princeton.edu}{127.0.0.1}{127.0.0.1:9300}{cdfhilmrstw}{8.11.0}{7000099-8500003}] with reason [completing election]
[2023-11-09T16:56:46,797][INFO ][o.e.h.AbstractHttpServerTransport] [dynamic-oit-vapornet100-10-8-26-245.princeton.edu] publish_address {10.8.26.245:9200}, bound_addresses {[::]:9200}
[2023-11-09T16:56:46,800][INFO ][o.e.n.Node               ] [dynamic-oit-vapornet100-10-8-26-245.princeton.edu] started {dynamic-oit-vapornet100-10-8-26-245.princeton.edu}{MeWS785kRAWm5YNwMdqNwA}{wYeg_bMtSX-09DBmWqDzmA}{dynamic-oit-vapornet100-10-8-26-245.princeton.edu}{127.0.0.1}{127.0.0.1:9300}{cdfhilmrstw}{8.11.0}{7000099-8500003}{ml.allocated_processors=8, ml.allocated_processors_double=8.0, ml.max_jvm_size=8589934592, ml.config_version=11.0.0, xpack.installed=true, transform.config_version=10.0.0, ml.machine_memory=17179869184}
[2023-11-09T16:56:47,226][INFO ][o.e.g.GatewayService     ] [dynamic-oit-vapornet100-10-8-26-245.princeton.edu] recovered [0] indices into cluster_state
[2023-11-09T16:56:47,523][INFO ][o.e.c.m.MetadataIndexTemplateService] [dynamic-oit-vapornet100-10-8-26-245.princeton.edu] adding component template [elastic-connectors-sync-jobs-settings]
[2023-11-09T16:56:47,570][INFO ][o.e.c.m.MetadataIndexTemplateService] [dynamic-oit-vapornet100-10-8-26-245.princeton.edu] adding component template [elastic-connectors-settings]
[2023-11-09T16:56:47,710][INFO ][o.e.c.m.MetadataIndexTemplateService] [dynamic-oit-vapornet100-10-8-26-245.princeton.edu] adding index template [search-acl-filter] for index patterns [.search-acl-filter-*]
[2023-11-09T16:56:47,747][INFO ][o.e.c.m.MetadataIndexTemplateService] [dynamic-oit-vapornet100-10-8-26-245.princeton.edu] adding index template [.ml-state] for index patterns [.ml-state*]
[2023-11-09T16:56:47,860][INFO ][o.e.c.m.MetadataIndexTemplateService] [dynamic-oit-vapornet100-10-8-26-245.princeton.edu] adding component template [elastic-connectors-mappings]
[2023-11-09T16:56:47,887][INFO ][o.e.c.m.MetadataIndexTemplateService] [dynamic-oit-vapornet100-10-8-26-245.princeton.edu] adding component template [synthetics-settings]
[2023-11-09T16:56:47,916][INFO ][o.e.c.m.MetadataIndexTemplateService] [dynamic-oit-vapornet100-10-8-26-245.princeton.edu] adding component template [synthetics-mappings]
[2023-11-09T16:56:47,937][INFO ][o.e.c.m.MetadataIndexTemplateService] [dynamic-oit-vapornet100-10-8-26-245.princeton.edu] adding component template [logs-mappings]
[2023-11-09T16:56:47,983][INFO ][o.e.c.m.MetadataIndexTemplateService] [dynamic-oit-vapornet100-10-8-26-245.princeton.edu] adding component template [ecs@dynamic_templates]
[2023-11-09T16:56:48,038][INFO ][o.e.c.m.MetadataIndexTemplateService] [dynamic-oit-vapornet100-10-8-26-245.princeton.edu] adding index template [.monitoring-ent-search-mb] for index patterns [.monitoring-ent-search-8-*]
[2023-11-09T16:56:48,049][INFO ][o.e.c.m.MetadataIndexTemplateService] [dynamic-oit-vapornet100-10-8-26-245.princeton.edu] adding component template [metrics-settings]
[2023-11-09T16:56:48,078][INFO ][o.e.c.m.MetadataIndexTemplateService] [dynamic-oit-vapornet100-10-8-26-245.princeton.edu] adding index template [.ml-stats] for index patterns [.ml-stats-*]
[2023-11-09T16:56:48,088][INFO ][o.e.c.m.MetadataIndexTemplateService] [dynamic-oit-vapornet100-10-8-26-245.princeton.edu] adding component template [metrics-tsdb-settings]
[2023-11-09T16:56:48,103][INFO ][o.e.c.m.MetadataIndexTemplateService] [dynamic-oit-vapornet100-10-8-26-245.princeton.edu] adding component template [metrics-mappings]
[2023-11-09T16:56:48,118][INFO ][o.e.c.m.MetadataIndexTemplateService] [dynamic-oit-vapornet100-10-8-26-245.princeton.edu] adding component template [elastic-connectors-sync-jobs-mappings]
[2023-11-09T16:56:48,139][INFO ][o.e.c.m.MetadataIndexTemplateService] [dynamic-oit-vapornet100-10-8-26-245.princeton.edu] adding component template [data-streams-mappings]
[2023-11-09T16:56:48,164][INFO ][o.e.c.m.MetadataIndexTemplateService] [dynamic-oit-vapornet100-10-8-26-245.princeton.edu] adding index template [.ml-notifications-000002] for index patterns [.ml-notifications-000002]
[2023-11-09T16:56:48,185][INFO ][o.e.c.m.MetadataIndexTemplateService] [dynamic-oit-vapornet100-10-8-26-245.princeton.edu] adding index template [.kibana-reporting] for index patterns [.kibana-reporting*]
[2023-11-09T16:56:48,212][INFO ][o.e.c.m.MetadataIndexTemplateService] [dynamic-oit-vapornet100-10-8-26-245.princeton.edu] adding component template [behavioral_analytics-events-mappings]
[2023-11-09T16:56:48,251][INFO ][o.e.c.m.MetadataIndexTemplateService] [dynamic-oit-vapornet100-10-8-26-245.princeton.edu] adding index template [.monitoring-logstash-mb] for index patterns [.monitoring-logstash-8-*]
[2023-11-09T16:56:48,288][INFO ][o.e.c.m.MetadataIndexTemplateService] [dynamic-oit-vapornet100-10-8-26-245.princeton.edu] adding index template [.monitoring-kibana-mb] for index patterns [.monitoring-kibana-8-*]
[2023-11-09T16:56:48,380][INFO ][o.e.c.m.MetadataIndexTemplateService] [dynamic-oit-vapornet100-10-8-26-245.princeton.edu] adding index template [.monitoring-beats-mb] for index patterns [.monitoring-beats-8-*]
[2023-11-09T16:56:48,482][INFO ][o.e.c.m.MetadataIndexTemplateService] [dynamic-oit-vapornet100-10-8-26-245.princeton.edu] adding index template [.ml-anomalies-] for index patterns [.ml-anomalies-*]
[2023-11-09T16:56:48,613][INFO ][o.e.c.m.MetadataIndexTemplateService] [dynamic-oit-vapornet100-10-8-26-245.princeton.edu] adding index template [.monitoring-es-mb] for index patterns [.monitoring-es-8-*]
[2023-11-09T16:56:48,631][INFO ][o.e.c.m.MetadataIndexTemplateService] [dynamic-oit-vapornet100-10-8-26-245.princeton.edu] adding component template [.deprecation-indexing-settings]
[2023-11-09T16:56:48,659][INFO ][o.e.c.m.MetadataIndexTemplateService] [dynamic-oit-vapornet100-10-8-26-245.princeton.edu] adding index template [.fleet-fileds-fromhost-data] for index patterns [.fleet-fileds-fromhost-data-*]
[2023-11-09T16:56:48,684][INFO ][o.e.c.m.MetadataIndexTemplateService] [dynamic-oit-vapornet100-10-8-26-245.princeton.edu] adding index template [.fleet-fileds-fromhost-meta] for index patterns [.fleet-fileds-fromhost-meta-*]
[2023-11-09T16:56:48,699][INFO ][o.e.c.m.MetadataIndexTemplateService] [dynamic-oit-vapornet100-10-8-26-245.princeton.edu] adding index template [.fleet-fileds-tohost-data] for index patterns [.fleet-fileds-tohost-data-*]
[2023-11-09T16:56:48,715][INFO ][o.e.c.m.MetadataIndexTemplateService] [dynamic-oit-vapornet100-10-8-26-245.princeton.edu] adding index template [.slm-history] for index patterns [.slm-history-5*]
[2023-11-09T16:56:48,732][INFO ][o.e.c.m.MetadataIndexTemplateService] [dynamic-oit-vapornet100-10-8-26-245.princeton.edu] adding component template [.deprecation-indexing-mappings]
[2023-11-09T16:56:48,746][INFO ][o.e.c.m.MetadataIndexTemplateService] [dynamic-oit-vapornet100-10-8-26-245.princeton.edu] adding index template [.fleet-fileds-tohost-meta] for index patterns [.fleet-fileds-tohost-meta-*]
[2023-11-09T16:56:48,769][INFO ][o.e.c.m.MetadataIndexTemplateService] [dynamic-oit-vapornet100-10-8-26-245.princeton.edu] adding index template [.watch-history-16] for index patterns [.watcher-history-16*]
[2023-11-09T16:56:48,799][INFO ][o.e.c.m.MetadataIndexTemplateService] [dynamic-oit-vapornet100-10-8-26-245.princeton.edu] adding index template [ilm-history] for index patterns [ilm-history-5*]
[2023-11-09T16:56:48,818][INFO ][o.e.c.m.MetadataIndexTemplateService] [dynamic-oit-vapornet100-10-8-26-245.princeton.edu] adding template [.monitoring-kibana] for index patterns [.monitoring-kibana-7-*]
[2023-11-09T16:56:48,830][INFO ][o.e.c.m.MetadataIndexTemplateService] [dynamic-oit-vapornet100-10-8-26-245.princeton.edu] adding template [.monitoring-alerts-7] for index patterns [.monitoring-alerts-7]
[2023-11-09T16:56:48,846][INFO ][o.e.c.m.MetadataIndexTemplateService] [dynamic-oit-vapornet100-10-8-26-245.princeton.edu] adding template [.monitoring-es] for index patterns [.monitoring-es-7-*]
[2023-11-09T16:56:48,867][INFO ][o.e.c.m.MetadataIndexTemplateService] [dynamic-oit-vapornet100-10-8-26-245.princeton.edu] adding template [.monitoring-beats] for index patterns [.monitoring-beats-7-*]
[2023-11-09T16:56:48,895][INFO ][o.e.c.m.MetadataIndexTemplateService] [dynamic-oit-vapornet100-10-8-26-245.princeton.edu] adding template [.monitoring-logstash] for index patterns [.monitoring-logstash-7-*]
[2023-11-09T16:56:49,049][INFO ][o.e.c.m.MetadataIndexTemplateService] [dynamic-oit-vapornet100-10-8-26-245.princeton.edu] adding index template [elastic-connectors-sync-jobs] for index patterns [.elastic-connectors-sync-jobs-v1]
[2023-11-09T16:56:49,067][INFO ][o.e.c.m.MetadataIndexTemplateService] [dynamic-oit-vapornet100-10-8-26-245.princeton.edu] adding index template [elastic-connectors] for index patterns [.elastic-connectors-v1]
[2023-11-09T16:56:49,093][INFO ][o.e.c.m.MetadataIndexTemplateService] [dynamic-oit-vapornet100-10-8-26-245.princeton.edu] adding index template [synthetics] for index patterns [synthetics-*-*]
[2023-11-09T16:56:49,122][INFO ][o.e.c.m.MetadataIndexTemplateService] [dynamic-oit-vapornet100-10-8-26-245.princeton.edu] adding index template [metrics] for index patterns [metrics-*-*]
[2023-11-09T16:56:49,144][INFO ][o.e.c.m.MetadataIndexTemplateService] [dynamic-oit-vapornet100-10-8-26-245.princeton.edu] adding index template [.deprecation-indexing-template] for index patterns [.logs-deprecation.*]
[2023-11-09T16:56:49,206][INFO ][o.e.x.i.a.TransportPutLifecycleAction] [dynamic-oit-vapornet100-10-8-26-245.princeton.edu] adding index lifecycle policy [ml-size-based-ilm-policy]
[2023-11-09T16:56:49,278][INFO ][o.e.x.i.a.TransportPutLifecycleAction] [dynamic-oit-vapornet100-10-8-26-245.princeton.edu] adding index lifecycle policy [.monitoring-8-ilm-policy]
[2023-11-09T16:56:49,334][INFO ][o.e.x.i.a.TransportPutLifecycleAction] [dynamic-oit-vapornet100-10-8-26-245.princeton.edu] adding index lifecycle policy [behavioral_analytics-events-default_policy]
[2023-11-09T16:56:49,418][INFO ][o.e.x.i.a.TransportPutLifecycleAction] [dynamic-oit-vapornet100-10-8-26-245.princeton.edu] adding index lifecycle policy [metrics]
[2023-11-09T16:56:49,469][INFO ][o.e.x.i.a.TransportPutLifecycleAction] [dynamic-oit-vapornet100-10-8-26-245.princeton.edu] adding index lifecycle policy [7-days-default]
[2023-11-09T16:56:49,526][INFO ][o.e.x.i.a.TransportPutLifecycleAction] [dynamic-oit-vapornet100-10-8-26-245.princeton.edu] adding index lifecycle policy [slm-history-ilm-policy]
[2023-11-09T16:56:49,595][INFO ][o.e.x.i.a.TransportPutLifecycleAction] [dynamic-oit-vapornet100-10-8-26-245.princeton.edu] adding index lifecycle policy [logs]
[2023-11-09T16:56:49,645][INFO ][o.e.x.i.a.TransportPutLifecycleAction] [dynamic-oit-vapornet100-10-8-26-245.princeton.edu] adding index lifecycle policy [365-days-default]
[2023-11-09T16:56:49,696][INFO ][o.e.x.i.a.TransportPutLifecycleAction] [dynamic-oit-vapornet100-10-8-26-245.princeton.edu] adding index lifecycle policy [synthetics]
[2023-11-09T16:56:49,761][INFO ][o.e.x.i.a.TransportPutLifecycleAction] [dynamic-oit-vapornet100-10-8-26-245.princeton.edu] adding index lifecycle policy [.fleet-actions-results-ilm-policy]
[2023-11-09T16:56:49,806][INFO ][o.e.x.i.a.TransportPutLifecycleAction] [dynamic-oit-vapornet100-10-8-26-245.princeton.edu] adding index lifecycle policy [90-days-default]
[2023-11-09T16:56:49,854][INFO ][o.e.x.i.a.TransportPutLifecycleAction] [dynamic-oit-vapornet100-10-8-26-245.princeton.edu] adding index lifecycle policy [.fleet-file-fromhost-meta-ilm-policy]
[2023-11-09T16:56:49,910][INFO ][o.e.x.i.a.TransportPutLifecycleAction] [dynamic-oit-vapornet100-10-8-26-245.princeton.edu] adding index lifecycle policy [watch-history-ilm-policy-16]
[2023-11-09T16:56:49,947][INFO ][o.e.x.i.a.TransportPutLifecycleAction] [dynamic-oit-vapornet100-10-8-26-245.princeton.edu] adding index lifecycle policy [.fleet-file-fromhost-data-ilm-policy]
[2023-11-09T16:56:49,997][INFO ][o.e.x.i.a.TransportPutLifecycleAction] [dynamic-oit-vapornet100-10-8-26-245.princeton.edu] adding index lifecycle policy [.fleet-file-tohost-meta-ilm-policy]
[2023-11-09T16:56:50,036][INFO ][o.e.x.i.a.TransportPutLifecycleAction] [dynamic-oit-vapornet100-10-8-26-245.princeton.edu] adding index lifecycle policy [30-days-default]
[2023-11-09T16:56:50,082][INFO ][o.e.x.i.a.TransportPutLifecycleAction] [dynamic-oit-vapornet100-10-8-26-245.princeton.edu] adding index lifecycle policy [ilm-history-ilm-policy]
[2023-11-09T16:56:50,126][INFO ][o.e.x.i.a.TransportPutLifecycleAction] [dynamic-oit-vapornet100-10-8-26-245.princeton.edu] adding index lifecycle policy [.deprecation-indexing-ilm-policy]
[2023-11-09T16:56:50,169][INFO ][o.e.x.i.a.TransportPutLifecycleAction] [dynamic-oit-vapornet100-10-8-26-245.princeton.edu] adding index lifecycle policy [180-days-default]
[2023-11-09T16:56:50,320][INFO ][o.e.x.i.a.TransportPutLifecycleAction] [dynamic-oit-vapornet100-10-8-26-245.princeton.edu] adding index lifecycle policy [.fleet-file-tohost-data-ilm-policy]
[2023-11-09T16:56:50,318][INFO ][o.e.h.n.s.HealthNodeTaskExecutor] [dynamic-oit-vapornet100-10-8-26-245.princeton.edu] Node [{dynamic-oit-vapornet100-10-8-26-245.princeton.edu}{MeWS785kRAWm5YNwMdqNwA}] is selected as the current health node.
[2023-11-09T16:56:50,578][INFO ][o.e.l.ClusterStateLicenseService] [dynamic-oit-vapornet100-10-8-26-245.princeton.edu] license [1f699684-6cf7-41f2-a223-a7dfb8c7a98d] mode [basic] - valid
[2023-11-09T16:56:50,582][INFO ][o.e.x.s.a.Realms         ] [dynamic-oit-vapornet100-10-8-26-245.princeton.edu] license mode is [basic], currently licensed security realms are [reserved/reserved,file/default_file,native/default_native]
[2023-11-09T16:56:50,689][INFO ][o.e.x.c.t.IndexTemplateRegistry] [dynamic-oit-vapornet100-10-8-26-245.princeton.edu] adding ingest pipeline behavioral_analytics-events-final_pipeline
[2023-11-09T16:56:50,690][INFO ][o.e.x.c.t.IndexTemplateRegistry] [dynamic-oit-vapornet100-10-8-26-245.princeton.edu] adding ingest pipeline ent-search-generic-ingestion
[2023-11-09T16:56:50,690][INFO ][o.e.x.c.t.IndexTemplateRegistry] [dynamic-oit-vapornet100-10-8-26-245.princeton.edu] adding ingest pipeline logs@json-message
[2023-11-09T16:56:50,738][INFO ][o.e.c.m.MetadataIndexTemplateService] [dynamic-oit-vapornet100-10-8-26-245.princeton.edu] adding component template [behavioral_analytics-events-settings]
[2023-11-09T16:56:50,862][INFO ][o.e.x.c.t.IndexTemplateRegistry] [dynamic-oit-vapornet100-10-8-26-245.princeton.edu] adding ingest pipeline logs-default-pipeline
[2023-11-09T16:56:50,883][INFO ][o.e.c.m.MetadataIndexTemplateService] [dynamic-oit-vapornet100-10-8-26-245.princeton.edu] adding index template [behavioral_analytics-events-default] for index patterns [behavioral_analytics-events-*]
[2023-11-09T16:56:50,891][INFO ][o.e.c.m.MetadataIndexTemplateService] [dynamic-oit-vapornet100-10-8-26-245.princeton.edu] adding component template [logs-settings]
[2023-11-09T16:56:50,968][INFO ][o.e.c.m.MetadataIndexTemplateService] [dynamic-oit-vapornet100-10-8-26-245.princeton.edu] adding index template [logs] for index patterns [logs-*-*]
[2023-11-09T16:56:56,175][INFO ][o.e.x.s.InitialNodeSecurityAutoConfiguration] [dynamic-oit-vapornet100-10-8-26-245.princeton.edu] HTTPS has been configured with automatically generated certificates, and the CA's hex-encoded SHA-256 fingerprint is [8fa2d738c6abcc4a79f33a5ca2d275a16f9181f1e854e5b862920b80404ad7ba]
[2023-11-09T16:56:56,181][INFO ][o.e.x.s.s.SecurityIndexManager] [dynamic-oit-vapornet100-10-8-26-245.princeton.edu] security index does not exist, creating [.security-7] with alias [.security]
[2023-11-09T16:56:56,229][INFO ][o.e.x.s.e.InternalEnrollmentTokenGenerator] [dynamic-oit-vapornet100-10-8-26-245.princeton.edu] Will not generate node enrollment token because node is only bound on localhost for transport and cannot connect to nodes from other hosts
[2023-11-09T16:56:56,299][INFO ][o.e.c.m.MetadataCreateIndexService] [dynamic-oit-vapornet100-10-8-26-245.princeton.edu] [.security-7] creating index, cause [api], templates [], shards [1]/[0]
[2023-11-09T16:56:56,488][INFO ][o.e.i.m.MapperService    ] [dynamic-oit-vapornet100-10-8-26-245.princeton.edu] [.security-7] reloading search analyzers
[2023-11-09T16:56:56,709][INFO ][o.e.c.r.a.AllocationService] [dynamic-oit-vapornet100-10-8-26-245.princeton.edu] current.health="GREEN" message="Cluster health status changed from [YELLOW] to [GREEN] (reason: [shards started [[.security-7][0]]])." previous.health="YELLOW" reason="shards started [[.security-7][0]]"
[2023-11-09T16:57:16,812][INFO ][o.e.c.r.a.DiskThresholdMonitor] [dynamic-oit-vapornet100-10-8-26-245.princeton.edu] low disk watermark [85%] exceeded on [MeWS785kRAWm5YNwMdqNwA][dynamic-oit-vapornet100-10-8-26-245.princeton.edu][/Users/ibe/School/AdvancedProgrammingTechniquesCOS333/gigl/elasticsearch-8.11.0/data] free: 60gb[13%], replicas will not be assigned to this node
[2023-11-09T17:02:32,127][WARN ][o.e.h.n.Netty4HttpServerTransport] [dynamic-oit-vapornet100-10-8-26-245.princeton.edu] received plaintext http traffic on an https channel, closing connection Netty4HttpChannel{localAddress=/[0:0:0:0:0:0:0:1]:9200, remoteAddress=/[0:0:0:0:0:0:0:1]:50728}
[2023-11-09T17:02:32,127][WARN ][o.e.h.n.Netty4HttpServerTransport] [dynamic-oit-vapornet100-10-8-26-245.princeton.edu] received plaintext http traffic on an https channel, closing connection Netty4HttpChannel{localAddress=/[0:0:0:0:0:0:0:1]:9200, remoteAddress=/[0:0:0:0:0:0:0:1]:50729}
[2023-11-09T17:02:32,137][WARN ][o.e.h.n.Netty4HttpServerTransport] [dynamic-oit-vapornet100-10-8-26-245.princeton.edu] received plaintext http traffic on an https channel, closing connection Netty4HttpChannel{localAddress=/[0:0:0:0:0:0:0:1]:9200, remoteAddress=/[0:0:0:0:0:0:0:1]:50730}
[2023-11-09T17:03:52,804][INFO ][o.e.x.s.a.f.FileUserPasswdStore] [dynamic-oit-vapornet100-10-8-26-245.princeton.edu] users file [/Users/ibe/School/AdvancedProgrammingTechniquesCOS333/gigl/elasticsearch-8.11.0/config/users] changed. updating users...
[2023-11-09T17:03:52,812][INFO ][o.e.x.s.a.f.FileUserRolesStore] [dynamic-oit-vapornet100-10-8-26-245.princeton.edu] users roles file [/Users/ibe/School/AdvancedProgrammingTechniquesCOS333/gigl/elasticsearch-8.11.0/config/users_roles] changed. updating users roles...
[2023-11-09T17:03:57,830][INFO ][o.e.x.s.a.f.FileUserPasswdStore] [dynamic-oit-vapornet100-10-8-26-245.princeton.edu] users file [/Users/ibe/School/AdvancedProgrammingTechniquesCOS333/gigl/elasticsearch-8.11.0/config/users] changed. updating users...
[2023-11-09T17:03:57,836][INFO ][o.e.x.s.a.f.FileUserRolesStore] [dynamic-oit-vapornet100-10-8-26-245.princeton.edu] users roles file [/Users/ibe/School/AdvancedProgrammingTechniquesCOS333/gigl/elasticsearch-8.11.0/config/users_roles] changed. updating users roles...
[2023-11-09T17:04:20,100][WARN ][o.e.h.n.Netty4HttpServerTransport] [dynamic-oit-vapornet100-10-8-26-245.princeton.edu] received plaintext http traffic on an https channel, closing connection Netty4HttpChannel{localAddress=/[0:0:0:0:0:0:0:1]:9200, remoteAddress=/[0:0:0:0:0:0:0:1]:50742}
[2023-11-09T17:04:20,109][WARN ][o.e.h.n.Netty4HttpServerTransport] [dynamic-oit-vapornet100-10-8-26-245.princeton.edu] received plaintext http traffic on an https channel, closing connection Netty4HttpChannel{localAddress=/[0:0:0:0:0:0:0:1]:9200, remoteAddress=/[0:0:0:0:0:0:0:1]:50743}
[2023-11-09T17:04:20,116][WARN ][o.e.h.n.Netty4HttpServerTransport] [dynamic-oit-vapornet100-10-8-26-245.princeton.edu] received plaintext http traffic on an https channel, closing connection Netty4HttpChannel{localAddress=/[0:0:0:0:0:0:0:1]:9200, remoteAddress=/[0:0:0:0:0:0:0:1]:50744}
[2023-11-09T17:05:51,081][WARN ][o.e.h.n.Netty4HttpServerTransport] [dynamic-oit-vapornet100-10-8-26-245.princeton.edu] received plaintext http traffic on an https channel, closing connection Netty4HttpChannel{localAddress=/[0:0:0:0:0:0:0:1]:9200, remoteAddress=/[0:0:0:0:0:0:0:1]:50758}
[2023-11-09T17:05:51,084][WARN ][o.e.h.n.Netty4HttpServerTransport] [dynamic-oit-vapornet100-10-8-26-245.princeton.edu] received plaintext http traffic on an https channel, closing connection Netty4HttpChannel{localAddress=/[0:0:0:0:0:0:0:1]:9200, remoteAddress=/[0:0:0:0:0:0:0:1]:50759}
[2023-11-09T17:05:51,089][WARN ][o.e.h.n.Netty4HttpServerTransport] [dynamic-oit-vapornet100-10-8-26-245.princeton.edu] received plaintext http traffic on an https channel, closing connection Netty4HttpChannel{localAddress=/[0:0:0:0:0:0:0:1]:9200, remoteAddress=/[0:0:0:0:0:0:0:1]:50760}
[2023-11-09T17:07:34,088][WARN ][o.e.h.n.Netty4HttpServerTransport] [dynamic-oit-vapornet100-10-8-26-245.princeton.edu] received plaintext http traffic on an https channel, closing connection Netty4HttpChannel{localAddress=/[0:0:0:0:0:0:0:1]:9200, remoteAddress=/[0:0:0:0:0:0:0:1]:50773}
[2023-11-09T17:07:34,098][WARN ][o.e.h.n.Netty4HttpServerTransport] [dynamic-oit-vapornet100-10-8-26-245.princeton.edu] received plaintext http traffic on an https channel, closing connection Netty4HttpChannel{localAddress=/[0:0:0:0:0:0:0:1]:9200, remoteAddress=/[0:0:0:0:0:0:0:1]:50774}
[2023-11-09T17:07:34,104][WARN ][o.e.h.n.Netty4HttpServerTransport] [dynamic-oit-vapornet100-10-8-26-245.princeton.edu] received plaintext http traffic on an https channel, closing connection Netty4HttpChannel{localAddress=/[0:0:0:0:0:0:0:1]:9200, remoteAddress=/[0:0:0:0:0:0:0:1]:50775}
[2023-11-09T17:09:55,103][WARN ][o.e.h.n.Netty4HttpServerTransport] [dynamic-oit-vapornet100-10-8-26-245.princeton.edu] received plaintext http traffic on an https channel, closing connection Netty4HttpChannel{localAddress=/[0:0:0:0:0:0:0:1]:9200, remoteAddress=/[0:0:0:0:0:0:0:1]:50791}
[2023-11-09T17:09:55,107][WARN ][o.e.h.n.Netty4HttpServerTransport] [dynamic-oit-vapornet100-10-8-26-245.princeton.edu] received plaintext http traffic on an https channel, closing connection Netty4HttpChannel{localAddress=/[0:0:0:0:0:0:0:1]:9200, remoteAddress=/[0:0:0:0:0:0:0:1]:50792}
[2023-11-09T17:09:55,115][WARN ][o.e.h.n.Netty4HttpServerTransport] [dynamic-oit-vapornet100-10-8-26-245.princeton.edu] received plaintext http traffic on an https channel, closing connection Netty4HttpChannel{localAddress=/[0:0:0:0:0:0:0:1]:9200, remoteAddress=/[0:0:0:0:0:0:0:1]:50793}
[2023-11-09T17:25:42,381][WARN ][o.e.h.n.Netty4HttpServerTransport] [dynamic-oit-vapornet100-10-8-26-245.princeton.edu] received plaintext http traffic on an https channel, closing connection Netty4HttpChannel{localAddress=/[0:0:0:0:0:0:0:1]:9200, remoteAddress=/[0:0:0:0:0:0:0:1]:50852}
[2023-11-09T17:25:42,388][WARN ][o.e.h.n.Netty4HttpServerTransport] [dynamic-oit-vapornet100-10-8-26-245.princeton.edu] received plaintext http traffic on an https channel, closing connection Netty4HttpChannel{localAddress=/[0:0:0:0:0:0:0:1]:9200, remoteAddress=/[0:0:0:0:0:0:0:1]:50853}
[2023-11-09T17:25:42,393][WARN ][o.e.h.n.Netty4HttpServerTransport] [dynamic-oit-vapornet100-10-8-26-245.princeton.edu] received plaintext http traffic on an https channel, closing connection Netty4HttpChannel{localAddress=/[0:0:0:0:0:0:0:1]:9200, remoteAddress=/[0:0:0:0:0:0:0:1]:50854}
[2023-11-09T17:42:02,887][INFO ][o.e.x.m.p.NativeController] [dynamic-oit-vapornet100-10-8-26-245.princeton.edu] Native controller process has stopped - no new native processes can be started
[2023-11-09T17:42:02,909][INFO ][o.e.n.Node               ] [dynamic-oit-vapornet100-10-8-26-245.princeton.edu] stopping ...
[2023-11-09T17:42:02,920][INFO ][o.e.c.f.AbstractFileWatchingService] [dynamic-oit-vapornet100-10-8-26-245.princeton.edu] shutting down watcher thread
[2023-11-09T17:42:02,923][INFO ][o.e.c.f.AbstractFileWatchingService] [dynamic-oit-vapornet100-10-8-26-245.princeton.edu] watcher service stopped
[2023-11-09T17:42:02,932][INFO ][o.e.x.w.WatcherService   ] [dynamic-oit-vapornet100-10-8-26-245.princeton.edu] stopping watch service, reason [shutdown initiated]
[2023-11-09T17:42:02,937][INFO ][o.e.x.w.WatcherLifeCycleService] [dynamic-oit-vapornet100-10-8-26-245.princeton.edu] watcher has stopped and shutdown
[2023-11-09T17:42:03,312][INFO ][o.e.n.Node               ] [dynamic-oit-vapornet100-10-8-26-245.princeton.edu] stopped
[2023-11-09T17:42:03,314][INFO ][o.e.n.Node               ] [dynamic-oit-vapornet100-10-8-26-245.princeton.edu] closing ...
[2023-11-09T17:42:03,349][INFO ][o.e.n.Node               ] [dynamic-oit-vapornet100-10-8-26-245.princeton.edu] closed
[2023-11-09T20:40:58,822][INFO ][o.a.l.i.v.PanamaVectorizationProvider] [dynamic-oit-vapornet100-10-8-26-245.princeton.edu] Java vector incubator API enabled; uses preferredBitSize=128
[2023-11-09T20:41:00,070][INFO ][o.e.n.Node               ] [dynamic-oit-vapornet100-10-8-26-245.princeton.edu] version[8.11.0], pid[84791], build[tar/d9ec3fa628c7b0ba3d25692e277ba26814820b20/2023-11-04T10:04:57.184859352Z], OS[Mac OS X/14.0/x86_64], JVM[Oracle Corporation/OpenJDK 64-Bit Server VM/21.0.1/21.0.1+12-29]
[2023-11-09T20:41:00,078][INFO ][o.e.n.Node               ] [dynamic-oit-vapornet100-10-8-26-245.princeton.edu] JVM home [/Users/ibe/School/AdvancedProgrammingTechniquesCOS333/gigl/elasticsearch-8.11.0/jdk.app/Contents/Home], using bundled JDK [true]
[2023-11-09T20:41:00,080][INFO ][o.e.n.Node               ] [dynamic-oit-vapornet100-10-8-26-245.princeton.edu] JVM arguments [-Des.networkaddress.cache.ttl=60, -Des.networkaddress.cache.negative.ttl=10, -Djava.security.manager=allow, -XX:+AlwaysPreTouch, -Xss1m, -Djava.awt.headless=true, -Dfile.encoding=UTF-8, -Djna.nosys=true, -XX:-OmitStackTraceInFastThrow, -Dio.netty.noUnsafe=true, -Dio.netty.noKeySetOptimization=true, -Dio.netty.recycler.maxCapacityPerThread=0, -Dlog4j.shutdownHookEnabled=false, -Dlog4j2.disable.jmx=true, -Dlog4j2.formatMsgNoLookups=true, -Djava.locale.providers=SPI,COMPAT, --add-opens=java.base/java.io=org.elasticsearch.preallocate, -XX:+UseG1GC, -Djava.io.tmpdir=/var/folders/k1/1xf6_j414v9997drrpbd3_v80000gn/T/elasticsearch-5075907799508281407, --add-modules=jdk.incubator.vector, -XX:+HeapDumpOnOutOfMemoryError, -XX:+ExitOnOutOfMemoryError, -XX:HeapDumpPath=data, -XX:ErrorFile=logs/hs_err_pid%p.log, -Xlog:gc*,gc+age=trace,safepoint:file=logs/gc.log:utctime,level,pid,tags:filecount=32,filesize=64m, -Xms8192m, -Xmx8192m, -XX:MaxDirectMemorySize=4294967296, -XX:InitiatingHeapOccupancyPercent=30, -XX:G1ReservePercent=25, -Des.distribution.type=tar, --module-path=/Users/ibe/School/AdvancedProgrammingTechniquesCOS333/gigl/elasticsearch-8.11.0/lib, --add-modules=jdk.net, --add-modules=ALL-MODULE-PATH, -Djdk.module.main=org.elasticsearch.server]
[2023-11-09T20:41:06,810][INFO ][o.e.p.PluginsService     ] [dynamic-oit-vapornet100-10-8-26-245.princeton.edu] loaded module [repository-url]
[2023-11-09T20:41:06,822][INFO ][o.e.p.PluginsService     ] [dynamic-oit-vapornet100-10-8-26-245.princeton.edu] loaded module [rest-root]
[2023-11-09T20:41:06,823][INFO ][o.e.p.PluginsService     ] [dynamic-oit-vapornet100-10-8-26-245.princeton.edu] loaded module [x-pack-core]
[2023-11-09T20:41:06,823][INFO ][o.e.p.PluginsService     ] [dynamic-oit-vapornet100-10-8-26-245.princeton.edu] loaded module [x-pack-redact]
[2023-11-09T20:41:06,823][INFO ][o.e.p.PluginsService     ] [dynamic-oit-vapornet100-10-8-26-245.princeton.edu] loaded module [ingest-user-agent]
[2023-11-09T20:41:06,824][INFO ][o.e.p.PluginsService     ] [dynamic-oit-vapornet100-10-8-26-245.princeton.edu] loaded module [x-pack-async-search]
[2023-11-09T20:41:06,825][INFO ][o.e.p.PluginsService     ] [dynamic-oit-vapornet100-10-8-26-245.princeton.edu] loaded module [x-pack-monitoring]
[2023-11-09T20:41:06,826][INFO ][o.e.p.PluginsService     ] [dynamic-oit-vapornet100-10-8-26-245.princeton.edu] loaded module [repository-s3]
[2023-11-09T20:41:06,827][INFO ][o.e.p.PluginsService     ] [dynamic-oit-vapornet100-10-8-26-245.princeton.edu] loaded module [x-pack-analytics]
[2023-11-09T20:41:06,827][INFO ][o.e.p.PluginsService     ] [dynamic-oit-vapornet100-10-8-26-245.princeton.edu] loaded module [x-pack-ent-search]
[2023-11-09T20:41:06,828][INFO ][o.e.p.PluginsService     ] [dynamic-oit-vapornet100-10-8-26-245.princeton.edu] loaded module [x-pack-autoscaling]
[2023-11-09T20:41:06,830][INFO ][o.e.p.PluginsService     ] [dynamic-oit-vapornet100-10-8-26-245.princeton.edu] loaded module [lang-painless]
[2023-11-09T20:41:06,830][INFO ][o.e.p.PluginsService     ] [dynamic-oit-vapornet100-10-8-26-245.princeton.edu] loaded module [x-pack-ml]
[2023-11-09T20:41:06,830][INFO ][o.e.p.PluginsService     ] [dynamic-oit-vapornet100-10-8-26-245.princeton.edu] loaded module [legacy-geo]
[2023-11-09T20:41:06,831][INFO ][o.e.p.PluginsService     ] [dynamic-oit-vapornet100-10-8-26-245.princeton.edu] loaded module [lang-mustache]
[2023-11-09T20:41:06,831][INFO ][o.e.p.PluginsService     ] [dynamic-oit-vapornet100-10-8-26-245.princeton.edu] loaded module [x-pack-ql]
[2023-11-09T20:41:06,832][INFO ][o.e.p.PluginsService     ] [dynamic-oit-vapornet100-10-8-26-245.princeton.edu] loaded module [rank-rrf]
[2023-11-09T20:41:06,832][INFO ][o.e.p.PluginsService     ] [dynamic-oit-vapornet100-10-8-26-245.princeton.edu] loaded module [analysis-common]
[2023-11-09T20:41:06,833][INFO ][o.e.p.PluginsService     ] [dynamic-oit-vapornet100-10-8-26-245.princeton.edu] loaded module [transport-netty4]
[2023-11-09T20:41:06,833][INFO ][o.e.p.PluginsService     ] [dynamic-oit-vapornet100-10-8-26-245.princeton.edu] loaded module [aggregations]
[2023-11-09T20:41:06,833][INFO ][o.e.p.PluginsService     ] [dynamic-oit-vapornet100-10-8-26-245.princeton.edu] loaded module [ingest-common]
[2023-11-09T20:41:06,834][INFO ][o.e.p.PluginsService     ] [dynamic-oit-vapornet100-10-8-26-245.princeton.edu] loaded module [x-pack-identity-provider]
[2023-11-09T20:41:06,835][INFO ][o.e.p.PluginsService     ] [dynamic-oit-vapornet100-10-8-26-245.princeton.edu] loaded module [frozen-indices]
[2023-11-09T20:41:06,835][INFO ][o.e.p.PluginsService     ] [dynamic-oit-vapornet100-10-8-26-245.princeton.edu] loaded module [x-pack-text-structure]
[2023-11-09T20:41:06,836][INFO ][o.e.p.PluginsService     ] [dynamic-oit-vapornet100-10-8-26-245.princeton.edu] loaded module [x-pack-shutdown]
[2023-11-09T20:41:06,836][INFO ][o.e.p.PluginsService     ] [dynamic-oit-vapornet100-10-8-26-245.princeton.edu] loaded module [snapshot-repo-test-kit]
[2023-11-09T20:41:06,837][INFO ][o.e.p.PluginsService     ] [dynamic-oit-vapornet100-10-8-26-245.princeton.edu] loaded module [ml-package-loader]
[2023-11-09T20:41:06,837][INFO ][o.e.p.PluginsService     ] [dynamic-oit-vapornet100-10-8-26-245.princeton.edu] loaded module [kibana]
[2023-11-09T20:41:06,837][INFO ][o.e.p.PluginsService     ] [dynamic-oit-vapornet100-10-8-26-245.princeton.edu] loaded module [constant-keyword]
[2023-11-09T20:41:06,837][INFO ][o.e.p.PluginsService     ] [dynamic-oit-vapornet100-10-8-26-245.princeton.edu] loaded module [x-pack-logstash]
[2023-11-09T20:41:06,838][INFO ][o.e.p.PluginsService     ] [dynamic-oit-vapornet100-10-8-26-245.princeton.edu] loaded module [x-pack-graph]
[2023-11-09T20:41:06,839][INFO ][o.e.p.PluginsService     ] [dynamic-oit-vapornet100-10-8-26-245.princeton.edu] loaded module [x-pack-ccr]
[2023-11-09T20:41:06,840][INFO ][o.e.p.PluginsService     ] [dynamic-oit-vapornet100-10-8-26-245.princeton.edu] loaded module [x-pack-esql]
[2023-11-09T20:41:06,840][INFO ][o.e.p.PluginsService     ] [dynamic-oit-vapornet100-10-8-26-245.princeton.edu] loaded module [parent-join]
[2023-11-09T20:41:06,840][INFO ][o.e.p.PluginsService     ] [dynamic-oit-vapornet100-10-8-26-245.princeton.edu] loaded module [x-pack-enrich]
[2023-11-09T20:41:06,841][INFO ][o.e.p.PluginsService     ] [dynamic-oit-vapornet100-10-8-26-245.princeton.edu] loaded module [repositories-metering-api]
[2023-11-09T20:41:06,841][INFO ][o.e.p.PluginsService     ] [dynamic-oit-vapornet100-10-8-26-245.princeton.edu] loaded module [transform]
[2023-11-09T20:41:06,842][INFO ][o.e.p.PluginsService     ] [dynamic-oit-vapornet100-10-8-26-245.princeton.edu] loaded module [repository-azure]
[2023-11-09T20:41:06,842][INFO ][o.e.p.PluginsService     ] [dynamic-oit-vapornet100-10-8-26-245.princeton.edu] loaded module [repository-gcs]
[2023-11-09T20:41:06,842][INFO ][o.e.p.PluginsService     ] [dynamic-oit-vapornet100-10-8-26-245.princeton.edu] loaded module [spatial]
[2023-11-09T20:41:06,842][INFO ][o.e.p.PluginsService     ] [dynamic-oit-vapornet100-10-8-26-245.princeton.edu] loaded module [apm]
[2023-11-09T20:41:06,842][INFO ][o.e.p.PluginsService     ] [dynamic-oit-vapornet100-10-8-26-245.princeton.edu] loaded module [mapper-extras]
[2023-11-09T20:41:06,844][INFO ][o.e.p.PluginsService     ] [dynamic-oit-vapornet100-10-8-26-245.princeton.edu] loaded module [mapper-version]
[2023-11-09T20:41:06,844][INFO ][o.e.p.PluginsService     ] [dynamic-oit-vapornet100-10-8-26-245.princeton.edu] loaded module [x-pack-rollup]
[2023-11-09T20:41:06,844][INFO ][o.e.p.PluginsService     ] [dynamic-oit-vapornet100-10-8-26-245.princeton.edu] loaded module [percolator]
[2023-11-09T20:41:06,846][INFO ][o.e.p.PluginsService     ] [dynamic-oit-vapornet100-10-8-26-245.princeton.edu] loaded module [data-streams]
[2023-11-09T20:41:06,846][INFO ][o.e.p.PluginsService     ] [dynamic-oit-vapornet100-10-8-26-245.princeton.edu] loaded module [x-pack-stack]
[2023-11-09T20:41:06,848][INFO ][o.e.p.PluginsService     ] [dynamic-oit-vapornet100-10-8-26-245.princeton.edu] loaded module [rank-eval]
[2023-11-09T20:41:06,849][INFO ][o.e.p.PluginsService     ] [dynamic-oit-vapornet100-10-8-26-245.princeton.edu] loaded module [reindex]
[2023-11-09T20:41:06,849][INFO ][o.e.p.PluginsService     ] [dynamic-oit-vapornet100-10-8-26-245.princeton.edu] loaded module [x-pack-security]
[2023-11-09T20:41:06,849][INFO ][o.e.p.PluginsService     ] [dynamic-oit-vapornet100-10-8-26-245.princeton.edu] loaded module [blob-cache]
[2023-11-09T20:41:06,849][INFO ][o.e.p.PluginsService     ] [dynamic-oit-vapornet100-10-8-26-245.princeton.edu] loaded module [searchable-snapshots]
[2023-11-09T20:41:06,850][INFO ][o.e.p.PluginsService     ] [dynamic-oit-vapornet100-10-8-26-245.princeton.edu] loaded module [x-pack-slm]
[2023-11-09T20:41:06,850][INFO ][o.e.p.PluginsService     ] [dynamic-oit-vapornet100-10-8-26-245.princeton.edu] loaded module [snapshot-based-recoveries]
[2023-11-09T20:41:06,850][INFO ][o.e.p.PluginsService     ] [dynamic-oit-vapornet100-10-8-26-245.princeton.edu] loaded module [x-pack-watcher]
[2023-11-09T20:41:06,850][INFO ][o.e.p.PluginsService     ] [dynamic-oit-vapornet100-10-8-26-245.princeton.edu] loaded module [old-lucene-versions]
[2023-11-09T20:41:06,850][INFO ][o.e.p.PluginsService     ] [dynamic-oit-vapornet100-10-8-26-245.princeton.edu] loaded module [x-pack-ilm]
[2023-11-09T20:41:06,851][INFO ][o.e.p.PluginsService     ] [dynamic-oit-vapornet100-10-8-26-245.princeton.edu] loaded module [x-pack-voting-only-node]
[2023-11-09T20:41:06,851][INFO ][o.e.p.PluginsService     ] [dynamic-oit-vapornet100-10-8-26-245.princeton.edu] loaded module [x-pack-deprecation]
[2023-11-09T20:41:06,852][INFO ][o.e.p.PluginsService     ] [dynamic-oit-vapornet100-10-8-26-245.princeton.edu] loaded module [x-pack-fleet]
[2023-11-09T20:41:06,852][INFO ][o.e.p.PluginsService     ] [dynamic-oit-vapornet100-10-8-26-245.princeton.edu] loaded module [x-pack-profiling]
[2023-11-09T20:41:06,852][INFO ][o.e.p.PluginsService     ] [dynamic-oit-vapornet100-10-8-26-245.princeton.edu] loaded module [x-pack-aggregate-metric]
[2023-11-09T20:41:06,852][INFO ][o.e.p.PluginsService     ] [dynamic-oit-vapornet100-10-8-26-245.princeton.edu] loaded module [x-pack-downsample]
[2023-11-09T20:41:06,852][INFO ][o.e.p.PluginsService     ] [dynamic-oit-vapornet100-10-8-26-245.princeton.edu] loaded module [ingest-geoip]
[2023-11-09T20:41:06,854][INFO ][o.e.p.PluginsService     ] [dynamic-oit-vapornet100-10-8-26-245.princeton.edu] loaded module [inference]
[2023-11-09T20:41:06,854][INFO ][o.e.p.PluginsService     ] [dynamic-oit-vapornet100-10-8-26-245.princeton.edu] loaded module [x-pack-write-load-forecaster]
[2023-11-09T20:41:06,854][INFO ][o.e.p.PluginsService     ] [dynamic-oit-vapornet100-10-8-26-245.princeton.edu] loaded module [search-business-rules]
[2023-11-09T20:41:06,855][INFO ][o.e.p.PluginsService     ] [dynamic-oit-vapornet100-10-8-26-245.princeton.edu] loaded module [wildcard]
[2023-11-09T20:41:06,855][INFO ][o.e.p.PluginsService     ] [dynamic-oit-vapornet100-10-8-26-245.princeton.edu] loaded module [ingest-attachment]
[2023-11-09T20:41:06,855][INFO ][o.e.p.PluginsService     ] [dynamic-oit-vapornet100-10-8-26-245.princeton.edu] loaded module [unsigned-long]
[2023-11-09T20:41:06,856][INFO ][o.e.p.PluginsService     ] [dynamic-oit-vapornet100-10-8-26-245.princeton.edu] loaded module [x-pack-sql]
[2023-11-09T20:41:06,857][INFO ][o.e.p.PluginsService     ] [dynamic-oit-vapornet100-10-8-26-245.princeton.edu] loaded module [runtime-fields-common]
[2023-11-09T20:41:06,858][INFO ][o.e.p.PluginsService     ] [dynamic-oit-vapornet100-10-8-26-245.princeton.edu] loaded module [x-pack-async]
[2023-11-09T20:41:06,859][INFO ][o.e.p.PluginsService     ] [dynamic-oit-vapornet100-10-8-26-245.princeton.edu] loaded module [vector-tile]
[2023-11-09T20:41:06,859][INFO ][o.e.p.PluginsService     ] [dynamic-oit-vapornet100-10-8-26-245.princeton.edu] loaded module [lang-expression]
[2023-11-09T20:41:06,859][INFO ][o.e.p.PluginsService     ] [dynamic-oit-vapornet100-10-8-26-245.princeton.edu] loaded module [x-pack-eql]
[2023-11-09T20:41:10,898][INFO ][o.e.e.NodeEnvironment    ] [dynamic-oit-vapornet100-10-8-26-245.princeton.edu] using [1] data paths, mounts [[/System/Volumes/Data (/dev/disk3s5)]], net usable_space [59.9gb], net total_space [460.4gb], types [apfs]
[2023-11-09T20:41:10,900][INFO ][o.e.e.NodeEnvironment    ] [dynamic-oit-vapornet100-10-8-26-245.princeton.edu] heap size [8gb], compressed ordinary object pointers [true]
[2023-11-09T20:41:11,019][INFO ][o.e.n.Node               ] [dynamic-oit-vapornet100-10-8-26-245.princeton.edu] node name [dynamic-oit-vapornet100-10-8-26-245.princeton.edu], node ID [MeWS785kRAWm5YNwMdqNwA], cluster name [elasticsearch], roles [data_cold, data, remote_cluster_client, master, data_warm, data_content, transform, data_hot, ml, data_frozen, ingest]
[2023-11-09T20:41:15,754][INFO ][o.e.x.m.p.l.CppLogMessageHandler] [dynamic-oit-vapornet100-10-8-26-245.princeton.edu] [controller/84802] [Main.cc@123] controller (64 bit): Version 8.11.0 (Build e39a40d810307c) Copyright (c) 2023 Elasticsearch BV
[2023-11-09T20:41:16,141][INFO ][o.e.x.s.Security         ] [dynamic-oit-vapornet100-10-8-26-245.princeton.edu] Security is enabled
[2023-11-09T20:41:16,988][INFO ][o.e.x.s.a.s.FileRolesStore] [dynamic-oit-vapornet100-10-8-26-245.princeton.edu] parsed [0] roles from file [/Users/ibe/School/AdvancedProgrammingTechniquesCOS333/gigl/elasticsearch-8.11.0/config/roles.yml]
[2023-11-09T20:41:17,996][INFO ][o.e.x.p.ProfilingPlugin  ] [dynamic-oit-vapornet100-10-8-26-245.princeton.edu] Profiling is enabled
[2023-11-09T20:41:18,060][INFO ][o.e.x.p.ProfilingPlugin  ] [dynamic-oit-vapornet100-10-8-26-245.princeton.edu] profiling index templates will not be installed or reinstalled
[2023-11-09T20:41:18,878][INFO ][o.e.t.n.NettyAllocator   ] [dynamic-oit-vapornet100-10-8-26-245.princeton.edu] creating NettyAllocator with the following configs: [name=elasticsearch_configured, chunk_size=1mb, suggested_max_allocation_size=1mb, factors={es.unsafe.use_netty_default_chunk_and_page_size=false, g1gc_enabled=true, g1gc_region_size=4mb}]
[2023-11-09T20:41:18,920][INFO ][o.e.i.r.RecoverySettings ] [dynamic-oit-vapornet100-10-8-26-245.princeton.edu] using rate limit [40mb] with [default=40mb, read=0b, write=0b, max=0b]
[2023-11-09T20:41:18,977][INFO ][o.e.d.DiscoveryModule    ] [dynamic-oit-vapornet100-10-8-26-245.princeton.edu] using discovery type [multi-node] and seed hosts providers [settings]
[2023-11-09T20:41:21,489][INFO ][o.e.n.Node               ] [dynamic-oit-vapornet100-10-8-26-245.princeton.edu] initialized
[2023-11-09T20:41:21,505][INFO ][o.e.n.Node               ] [dynamic-oit-vapornet100-10-8-26-245.princeton.edu] starting ...
[2023-11-09T20:41:21,589][INFO ][o.e.x.s.c.f.PersistentCache] [dynamic-oit-vapornet100-10-8-26-245.princeton.edu] persistent cache index loaded
[2023-11-09T20:41:21,591][INFO ][o.e.x.d.l.DeprecationIndexingComponent] [dynamic-oit-vapornet100-10-8-26-245.princeton.edu] deprecation component started
[2023-11-09T20:41:21,783][INFO ][o.e.t.TransportService   ] [dynamic-oit-vapornet100-10-8-26-245.princeton.edu] publish_address {127.0.0.1:9300}, bound_addresses {[::1]:9300}, {127.0.0.1:9300}
[2023-11-09T20:41:22,528][WARN ][o.e.c.c.ClusterBootstrapService] [dynamic-oit-vapornet100-10-8-26-245.princeton.edu] this node is locked into cluster UUID [_-sDEvthRWyuzskVWHLB2w] but [cluster.initial_master_nodes] is set to [dynamic-oit-vapornet100-10-8-26-245.princeton.edu]; remove this setting to avoid possible data loss caused by subsequent cluster bootstrap attempts; for further information see https://www.elastic.co/guide/en/elasticsearch/reference/8.11/important-settings.html#initial_master_nodes
[2023-11-09T20:41:22,755][INFO ][o.e.c.s.MasterService    ] [dynamic-oit-vapornet100-10-8-26-245.princeton.edu] elected-as-master ([1] nodes joined in term 2)[_FINISH_ELECTION_, {dynamic-oit-vapornet100-10-8-26-245.princeton.edu}{MeWS785kRAWm5YNwMdqNwA}{jOOtnbsGTZW8FxIAgt9Wvg}{dynamic-oit-vapornet100-10-8-26-245.princeton.edu}{127.0.0.1}{127.0.0.1:9300}{cdfhilmrstw}{8.11.0}{7000099-8500003} completing election], term: 2, version: 38, delta: master node changed {previous [], current [{dynamic-oit-vapornet100-10-8-26-245.princeton.edu}{MeWS785kRAWm5YNwMdqNwA}{jOOtnbsGTZW8FxIAgt9Wvg}{dynamic-oit-vapornet100-10-8-26-245.princeton.edu}{127.0.0.1}{127.0.0.1:9300}{cdfhilmrstw}{8.11.0}{7000099-8500003}]}
[2023-11-09T20:41:22,879][INFO ][o.e.c.s.ClusterApplierService] [dynamic-oit-vapornet100-10-8-26-245.princeton.edu] master node changed {previous [], current [{dynamic-oit-vapornet100-10-8-26-245.princeton.edu}{MeWS785kRAWm5YNwMdqNwA}{jOOtnbsGTZW8FxIAgt9Wvg}{dynamic-oit-vapornet100-10-8-26-245.princeton.edu}{127.0.0.1}{127.0.0.1:9300}{cdfhilmrstw}{8.11.0}{7000099-8500003}]}, term: 2, version: 38, reason: Publication{term=2, version=38}
[2023-11-09T20:41:22,924][INFO ][o.e.c.f.AbstractFileWatchingService] [dynamic-oit-vapornet100-10-8-26-245.princeton.edu] starting file watcher ...
[2023-11-09T20:41:22,933][INFO ][o.e.c.f.AbstractFileWatchingService] [dynamic-oit-vapornet100-10-8-26-245.princeton.edu] file settings service up and running [tid=77]
[2023-11-09T20:41:22,946][INFO ][o.e.c.c.NodeJoinExecutor ] [dynamic-oit-vapornet100-10-8-26-245.princeton.edu] node-join: [{dynamic-oit-vapornet100-10-8-26-245.princeton.edu}{MeWS785kRAWm5YNwMdqNwA}{jOOtnbsGTZW8FxIAgt9Wvg}{dynamic-oit-vapornet100-10-8-26-245.princeton.edu}{127.0.0.1}{127.0.0.1:9300}{cdfhilmrstw}{8.11.0}{7000099-8500003}] with reason [completing election]
[2023-11-09T20:41:22,948][INFO ][o.e.h.AbstractHttpServerTransport] [dynamic-oit-vapornet100-10-8-26-245.princeton.edu] publish_address {10.8.26.245:9200}, bound_addresses {[::]:9200}
[2023-11-09T20:41:22,950][INFO ][o.e.n.Node               ] [dynamic-oit-vapornet100-10-8-26-245.princeton.edu] started {dynamic-oit-vapornet100-10-8-26-245.princeton.edu}{MeWS785kRAWm5YNwMdqNwA}{jOOtnbsGTZW8FxIAgt9Wvg}{dynamic-oit-vapornet100-10-8-26-245.princeton.edu}{127.0.0.1}{127.0.0.1:9300}{cdfhilmrstw}{8.11.0}{7000099-8500003}{ml.machine_memory=17179869184, transform.config_version=10.0.0, xpack.installed=true, ml.config_version=11.0.0, ml.max_jvm_size=8589934592, ml.allocated_processors_double=8.0, ml.allocated_processors=8}
[2023-11-09T20:41:23,472][INFO ][o.e.l.ClusterStateLicenseService] [dynamic-oit-vapornet100-10-8-26-245.princeton.edu] license [1f699684-6cf7-41f2-a223-a7dfb8c7a98d] mode [basic] - valid
[2023-11-09T20:41:23,475][INFO ][o.e.x.s.a.Realms         ] [dynamic-oit-vapornet100-10-8-26-245.princeton.edu] license mode is [basic], currently licensed security realms are [reserved/reserved,file/default_file,native/default_native]
[2023-11-09T20:41:23,480][INFO ][o.e.g.GatewayService     ] [dynamic-oit-vapornet100-10-8-26-245.princeton.edu] recovered [1] indices into cluster_state
[2023-11-09T20:41:23,840][INFO ][o.e.i.m.MapperService    ] [dynamic-oit-vapornet100-10-8-26-245.princeton.edu] [.security-7] reloading search analyzers
[2023-11-09T20:41:23,961][INFO ][o.e.h.n.s.HealthNodeTaskExecutor] [dynamic-oit-vapornet100-10-8-26-245.princeton.edu] Node [{dynamic-oit-vapornet100-10-8-26-245.princeton.edu}{MeWS785kRAWm5YNwMdqNwA}] is selected as the current health node.
[2023-11-09T20:41:24,027][INFO ][o.e.c.r.a.AllocationService] [dynamic-oit-vapornet100-10-8-26-245.princeton.edu] current.health="GREEN" message="Cluster health status changed from [RED] to [GREEN] (reason: [shards started [[.security-7][0]]])." previous.health="RED" reason="shards started [[.security-7][0]]"
[2023-11-09T20:41:52,949][INFO ][o.e.c.r.a.DiskThresholdMonitor] [dynamic-oit-vapornet100-10-8-26-245.princeton.edu] low disk watermark [85%] exceeded on [MeWS785kRAWm5YNwMdqNwA][dynamic-oit-vapornet100-10-8-26-245.princeton.edu][/Users/ibe/School/AdvancedProgrammingTechniquesCOS333/gigl/elasticsearch-8.11.0/data] free: 59.9gb[13%], replicas will not be assigned to this node
[2023-11-09T20:42:18,958][WARN ][o.e.h.n.Netty4HttpServerTransport] [dynamic-oit-vapornet100-10-8-26-245.princeton.edu] received plaintext http traffic on an https channel, closing connection Netty4HttpChannel{localAddress=/[0:0:0:0:0:0:0:1]:9200, remoteAddress=/[0:0:0:0:0:0:0:1]:51718}
[2023-11-09T20:42:18,958][WARN ][o.e.h.n.Netty4HttpServerTransport] [dynamic-oit-vapornet100-10-8-26-245.princeton.edu] received plaintext http traffic on an https channel, closing connection Netty4HttpChannel{localAddress=/[0:0:0:0:0:0:0:1]:9200, remoteAddress=/[0:0:0:0:0:0:0:1]:51717}
[2023-11-09T20:42:18,964][WARN ][o.e.h.n.Netty4HttpServerTransport] [dynamic-oit-vapornet100-10-8-26-245.princeton.edu] received plaintext http traffic on an https channel, closing connection Netty4HttpChannel{localAddress=/[0:0:0:0:0:0:0:1]:9200, remoteAddress=/[0:0:0:0:0:0:0:1]:51719}
[2023-11-09T20:42:18,969][WARN ][o.e.h.n.Netty4HttpServerTransport] [dynamic-oit-vapornet100-10-8-26-245.princeton.edu] received plaintext http traffic on an https channel, closing connection Netty4HttpChannel{localAddress=/[0:0:0:0:0:0:0:1]:9200, remoteAddress=/[0:0:0:0:0:0:0:1]:51720}
[2023-11-09T20:42:47,623][WARN ][o.e.h.n.Netty4HttpServerTransport] [dynamic-oit-vapornet100-10-8-26-245.princeton.edu] received plaintext http traffic on an https channel, closing connection Netty4HttpChannel{localAddress=/127.0.0.1:9200, remoteAddress=/127.0.0.1:51724}
[2023-11-09T20:48:12,613][WARN ][o.e.h.n.Netty4HttpServerTransport] [dynamic-oit-vapornet100-10-8-26-245.princeton.edu] received plaintext http traffic on an https channel, closing connection Netty4HttpChannel{localAddress=/127.0.0.1:9200, remoteAddress=/127.0.0.1:51741}
[2023-11-09T20:48:13,845][WARN ][o.e.h.n.Netty4HttpServerTransport] [dynamic-oit-vapornet100-10-8-26-245.princeton.edu] received plaintext http traffic on an https channel, closing connection Netty4HttpChannel{localAddress=/127.0.0.1:9200, remoteAddress=/127.0.0.1:51742}
[2023-11-09T20:48:15,188][WARN ][o.e.h.n.Netty4HttpServerTransport] [dynamic-oit-vapornet100-10-8-26-245.princeton.edu] received plaintext http traffic on an https channel, closing connection Netty4HttpChannel{localAddress=/127.0.0.1:9200, remoteAddress=/127.0.0.1:51743}
[2023-11-09T20:48:16,369][WARN ][o.e.h.n.Netty4HttpServerTransport] [dynamic-oit-vapornet100-10-8-26-245.princeton.edu] received plaintext http traffic on an https channel, closing connection Netty4HttpChannel{localAddress=/127.0.0.1:9200, remoteAddress=/127.0.0.1:51744}
[2023-11-09T20:48:18,856][WARN ][o.e.h.n.Netty4HttpServerTransport] [dynamic-oit-vapornet100-10-8-26-245.princeton.edu] received plaintext http traffic on an https channel, closing connection Netty4HttpChannel{localAddress=/127.0.0.1:9200, remoteAddress=/127.0.0.1:51745}
[2023-11-09T20:49:46,535][WARN ][o.e.h.n.Netty4HttpServerTransport] [dynamic-oit-vapornet100-10-8-26-245.princeton.edu] received plaintext http traffic on an https channel, closing connection Netty4HttpChannel{localAddress=/127.0.0.1:9200, remoteAddress=/127.0.0.1:51748}
[2023-11-09T20:51:42,250][WARN ][o.e.h.n.Netty4HttpServerTransport] [dynamic-oit-vapornet100-10-8-26-245.princeton.edu] received plaintext http traffic on an https channel, closing connection Netty4HttpChannel{localAddress=/127.0.0.1:9200, remoteAddress=/127.0.0.1:51752}
[2023-11-09T20:51:46,259][INFO ][o.e.x.m.p.NativeController] [dynamic-oit-vapornet100-10-8-26-245.princeton.edu] Native controller process has stopped - no new native processes can be started
[2023-11-09T20:51:46,269][INFO ][o.e.n.Node               ] [dynamic-oit-vapornet100-10-8-26-245.princeton.edu] stopping ...
[2023-11-09T20:51:46,271][INFO ][o.e.c.f.AbstractFileWatchingService] [dynamic-oit-vapornet100-10-8-26-245.princeton.edu] shutting down watcher thread
[2023-11-09T20:51:46,275][INFO ][o.e.c.f.AbstractFileWatchingService] [dynamic-oit-vapornet100-10-8-26-245.princeton.edu] watcher service stopped
[2023-11-09T20:51:46,282][INFO ][o.e.x.w.WatcherService   ] [dynamic-oit-vapornet100-10-8-26-245.princeton.edu] stopping watch service, reason [shutdown initiated]
[2023-11-09T20:51:46,286][INFO ][o.e.x.w.WatcherLifeCycleService] [dynamic-oit-vapornet100-10-8-26-245.princeton.edu] watcher has stopped and shutdown
[2023-11-09T20:51:46,622][INFO ][o.e.n.Node               ] [dynamic-oit-vapornet100-10-8-26-245.princeton.edu] stopped
[2023-11-09T20:51:46,623][INFO ][o.e.n.Node               ] [dynamic-oit-vapornet100-10-8-26-245.princeton.edu] closing ...
[2023-11-09T20:51:46,651][INFO ][o.e.n.Node               ] [dynamic-oit-vapornet100-10-8-26-245.princeton.edu] closed
[2023-11-09T20:51:59,730][INFO ][o.a.l.i.v.PanamaVectorizationProvider] [dynamic-oit-vapornet100-10-8-26-245.princeton.edu] Java vector incubator API enabled; uses preferredBitSize=128
[2023-11-09T20:52:01,013][INFO ][o.e.n.Node               ] [dynamic-oit-vapornet100-10-8-26-245.princeton.edu] version[8.11.0], pid[84991], build[tar/d9ec3fa628c7b0ba3d25692e277ba26814820b20/2023-11-04T10:04:57.184859352Z], OS[Mac OS X/14.0/x86_64], JVM[Oracle Corporation/OpenJDK 64-Bit Server VM/21.0.1/21.0.1+12-29]
[2023-11-09T20:52:01,019][INFO ][o.e.n.Node               ] [dynamic-oit-vapornet100-10-8-26-245.princeton.edu] JVM home [/Users/ibe/School/AdvancedProgrammingTechniquesCOS333/gigl/elasticsearch-8.11.0/jdk.app/Contents/Home], using bundled JDK [true]
[2023-11-09T20:52:01,021][INFO ][o.e.n.Node               ] [dynamic-oit-vapornet100-10-8-26-245.princeton.edu] JVM arguments [-Des.networkaddress.cache.ttl=60, -Des.networkaddress.cache.negative.ttl=10, -Djava.security.manager=allow, -XX:+AlwaysPreTouch, -Xss1m, -Djava.awt.headless=true, -Dfile.encoding=UTF-8, -Djna.nosys=true, -XX:-OmitStackTraceInFastThrow, -Dio.netty.noUnsafe=true, -Dio.netty.noKeySetOptimization=true, -Dio.netty.recycler.maxCapacityPerThread=0, -Dlog4j.shutdownHookEnabled=false, -Dlog4j2.disable.jmx=true, -Dlog4j2.formatMsgNoLookups=true, -Djava.locale.providers=SPI,COMPAT, --add-opens=java.base/java.io=org.elasticsearch.preallocate, -XX:+UseG1GC, -Djava.io.tmpdir=/var/folders/k1/1xf6_j414v9997drrpbd3_v80000gn/T/elasticsearch-674165365103033503, --add-modules=jdk.incubator.vector, -XX:+HeapDumpOnOutOfMemoryError, -XX:+ExitOnOutOfMemoryError, -XX:HeapDumpPath=data, -XX:ErrorFile=logs/hs_err_pid%p.log, -Xlog:gc*,gc+age=trace,safepoint:file=logs/gc.log:utctime,level,pid,tags:filecount=32,filesize=64m, -Xms8192m, -Xmx8192m, -XX:MaxDirectMemorySize=4294967296, -XX:InitiatingHeapOccupancyPercent=30, -XX:G1ReservePercent=25, -Des.distribution.type=tar, --module-path=/Users/ibe/School/AdvancedProgrammingTechniquesCOS333/gigl/elasticsearch-8.11.0/lib, --add-modules=jdk.net, --add-modules=ALL-MODULE-PATH, -Djdk.module.main=org.elasticsearch.server]
[2023-11-09T20:52:07,647][INFO ][o.e.p.PluginsService     ] [dynamic-oit-vapornet100-10-8-26-245.princeton.edu] loaded module [repository-url]
[2023-11-09T20:52:07,656][INFO ][o.e.p.PluginsService     ] [dynamic-oit-vapornet100-10-8-26-245.princeton.edu] loaded module [rest-root]
[2023-11-09T20:52:07,657][INFO ][o.e.p.PluginsService     ] [dynamic-oit-vapornet100-10-8-26-245.princeton.edu] loaded module [x-pack-core]
[2023-11-09T20:52:07,657][INFO ][o.e.p.PluginsService     ] [dynamic-oit-vapornet100-10-8-26-245.princeton.edu] loaded module [x-pack-redact]
[2023-11-09T20:52:07,657][INFO ][o.e.p.PluginsService     ] [dynamic-oit-vapornet100-10-8-26-245.princeton.edu] loaded module [ingest-user-agent]
[2023-11-09T20:52:07,657][INFO ][o.e.p.PluginsService     ] [dynamic-oit-vapornet100-10-8-26-245.princeton.edu] loaded module [x-pack-async-search]
[2023-11-09T20:52:07,658][INFO ][o.e.p.PluginsService     ] [dynamic-oit-vapornet100-10-8-26-245.princeton.edu] loaded module [x-pack-monitoring]
[2023-11-09T20:52:07,660][INFO ][o.e.p.PluginsService     ] [dynamic-oit-vapornet100-10-8-26-245.princeton.edu] loaded module [repository-s3]
[2023-11-09T20:52:07,660][INFO ][o.e.p.PluginsService     ] [dynamic-oit-vapornet100-10-8-26-245.princeton.edu] loaded module [x-pack-analytics]
[2023-11-09T20:52:07,661][INFO ][o.e.p.PluginsService     ] [dynamic-oit-vapornet100-10-8-26-245.princeton.edu] loaded module [x-pack-ent-search]
[2023-11-09T20:52:07,661][INFO ][o.e.p.PluginsService     ] [dynamic-oit-vapornet100-10-8-26-245.princeton.edu] loaded module [x-pack-autoscaling]
[2023-11-09T20:52:07,661][INFO ][o.e.p.PluginsService     ] [dynamic-oit-vapornet100-10-8-26-245.princeton.edu] loaded module [lang-painless]
[2023-11-09T20:52:07,663][INFO ][o.e.p.PluginsService     ] [dynamic-oit-vapornet100-10-8-26-245.princeton.edu] loaded module [x-pack-ml]
[2023-11-09T20:52:07,663][INFO ][o.e.p.PluginsService     ] [dynamic-oit-vapornet100-10-8-26-245.princeton.edu] loaded module [legacy-geo]
[2023-11-09T20:52:07,665][INFO ][o.e.p.PluginsService     ] [dynamic-oit-vapornet100-10-8-26-245.princeton.edu] loaded module [lang-mustache]
[2023-11-09T20:52:07,666][INFO ][o.e.p.PluginsService     ] [dynamic-oit-vapornet100-10-8-26-245.princeton.edu] loaded module [x-pack-ql]
[2023-11-09T20:52:07,666][INFO ][o.e.p.PluginsService     ] [dynamic-oit-vapornet100-10-8-26-245.princeton.edu] loaded module [rank-rrf]
[2023-11-09T20:52:07,666][INFO ][o.e.p.PluginsService     ] [dynamic-oit-vapornet100-10-8-26-245.princeton.edu] loaded module [analysis-common]
[2023-11-09T20:52:07,666][INFO ][o.e.p.PluginsService     ] [dynamic-oit-vapornet100-10-8-26-245.princeton.edu] loaded module [transport-netty4]
[2023-11-09T20:52:07,667][INFO ][o.e.p.PluginsService     ] [dynamic-oit-vapornet100-10-8-26-245.princeton.edu] loaded module [aggregations]
[2023-11-09T20:52:07,667][INFO ][o.e.p.PluginsService     ] [dynamic-oit-vapornet100-10-8-26-245.princeton.edu] loaded module [ingest-common]
[2023-11-09T20:52:07,668][INFO ][o.e.p.PluginsService     ] [dynamic-oit-vapornet100-10-8-26-245.princeton.edu] loaded module [x-pack-identity-provider]
[2023-11-09T20:52:07,669][INFO ][o.e.p.PluginsService     ] [dynamic-oit-vapornet100-10-8-26-245.princeton.edu] loaded module [frozen-indices]
[2023-11-09T20:52:07,669][INFO ][o.e.p.PluginsService     ] [dynamic-oit-vapornet100-10-8-26-245.princeton.edu] loaded module [x-pack-text-structure]
[2023-11-09T20:52:07,670][INFO ][o.e.p.PluginsService     ] [dynamic-oit-vapornet100-10-8-26-245.princeton.edu] loaded module [x-pack-shutdown]
[2023-11-09T20:52:07,670][INFO ][o.e.p.PluginsService     ] [dynamic-oit-vapornet100-10-8-26-245.princeton.edu] loaded module [snapshot-repo-test-kit]
[2023-11-09T20:52:07,670][INFO ][o.e.p.PluginsService     ] [dynamic-oit-vapornet100-10-8-26-245.princeton.edu] loaded module [ml-package-loader]
[2023-11-09T20:52:07,670][INFO ][o.e.p.PluginsService     ] [dynamic-oit-vapornet100-10-8-26-245.princeton.edu] loaded module [kibana]
[2023-11-09T20:52:07,671][INFO ][o.e.p.PluginsService     ] [dynamic-oit-vapornet100-10-8-26-245.princeton.edu] loaded module [constant-keyword]
[2023-11-09T20:52:07,671][INFO ][o.e.p.PluginsService     ] [dynamic-oit-vapornet100-10-8-26-245.princeton.edu] loaded module [x-pack-logstash]
[2023-11-09T20:52:07,671][INFO ][o.e.p.PluginsService     ] [dynamic-oit-vapornet100-10-8-26-245.princeton.edu] loaded module [x-pack-graph]
[2023-11-09T20:52:07,672][INFO ][o.e.p.PluginsService     ] [dynamic-oit-vapornet100-10-8-26-245.princeton.edu] loaded module [x-pack-ccr]
[2023-11-09T20:52:07,674][INFO ][o.e.p.PluginsService     ] [dynamic-oit-vapornet100-10-8-26-245.princeton.edu] loaded module [x-pack-esql]
[2023-11-09T20:52:07,675][INFO ][o.e.p.PluginsService     ] [dynamic-oit-vapornet100-10-8-26-245.princeton.edu] loaded module [parent-join]
[2023-11-09T20:52:07,675][INFO ][o.e.p.PluginsService     ] [dynamic-oit-vapornet100-10-8-26-245.princeton.edu] loaded module [x-pack-enrich]
[2023-11-09T20:52:07,676][INFO ][o.e.p.PluginsService     ] [dynamic-oit-vapornet100-10-8-26-245.princeton.edu] loaded module [repositories-metering-api]
[2023-11-09T20:52:07,676][INFO ][o.e.p.PluginsService     ] [dynamic-oit-vapornet100-10-8-26-245.princeton.edu] loaded module [transform]
[2023-11-09T20:52:07,677][INFO ][o.e.p.PluginsService     ] [dynamic-oit-vapornet100-10-8-26-245.princeton.edu] loaded module [repository-azure]
[2023-11-09T20:52:07,677][INFO ][o.e.p.PluginsService     ] [dynamic-oit-vapornet100-10-8-26-245.princeton.edu] loaded module [repository-gcs]
[2023-11-09T20:52:07,677][INFO ][o.e.p.PluginsService     ] [dynamic-oit-vapornet100-10-8-26-245.princeton.edu] loaded module [spatial]
[2023-11-09T20:52:07,677][INFO ][o.e.p.PluginsService     ] [dynamic-oit-vapornet100-10-8-26-245.princeton.edu] loaded module [apm]
[2023-11-09T20:52:07,677][INFO ][o.e.p.PluginsService     ] [dynamic-oit-vapornet100-10-8-26-245.princeton.edu] loaded module [mapper-extras]
[2023-11-09T20:52:07,678][INFO ][o.e.p.PluginsService     ] [dynamic-oit-vapornet100-10-8-26-245.princeton.edu] loaded module [mapper-version]
[2023-11-09T20:52:07,678][INFO ][o.e.p.PluginsService     ] [dynamic-oit-vapornet100-10-8-26-245.princeton.edu] loaded module [x-pack-rollup]
[2023-11-09T20:52:07,679][INFO ][o.e.p.PluginsService     ] [dynamic-oit-vapornet100-10-8-26-245.princeton.edu] loaded module [percolator]
[2023-11-09T20:52:07,680][INFO ][o.e.p.PluginsService     ] [dynamic-oit-vapornet100-10-8-26-245.princeton.edu] loaded module [data-streams]
[2023-11-09T20:52:07,681][INFO ][o.e.p.PluginsService     ] [dynamic-oit-vapornet100-10-8-26-245.princeton.edu] loaded module [x-pack-stack]
[2023-11-09T20:52:07,681][INFO ][o.e.p.PluginsService     ] [dynamic-oit-vapornet100-10-8-26-245.princeton.edu] loaded module [rank-eval]
[2023-11-09T20:52:07,682][INFO ][o.e.p.PluginsService     ] [dynamic-oit-vapornet100-10-8-26-245.princeton.edu] loaded module [reindex]
[2023-11-09T20:52:07,682][INFO ][o.e.p.PluginsService     ] [dynamic-oit-vapornet100-10-8-26-245.princeton.edu] loaded module [x-pack-security]
[2023-11-09T20:52:07,682][INFO ][o.e.p.PluginsService     ] [dynamic-oit-vapornet100-10-8-26-245.princeton.edu] loaded module [blob-cache]
[2023-11-09T20:52:07,683][INFO ][o.e.p.PluginsService     ] [dynamic-oit-vapornet100-10-8-26-245.princeton.edu] loaded module [searchable-snapshots]
[2023-11-09T20:52:07,683][INFO ][o.e.p.PluginsService     ] [dynamic-oit-vapornet100-10-8-26-245.princeton.edu] loaded module [x-pack-slm]
[2023-11-09T20:52:07,684][INFO ][o.e.p.PluginsService     ] [dynamic-oit-vapornet100-10-8-26-245.princeton.edu] loaded module [snapshot-based-recoveries]
[2023-11-09T20:52:07,684][INFO ][o.e.p.PluginsService     ] [dynamic-oit-vapornet100-10-8-26-245.princeton.edu] loaded module [x-pack-watcher]
[2023-11-09T20:52:07,684][INFO ][o.e.p.PluginsService     ] [dynamic-oit-vapornet100-10-8-26-245.princeton.edu] loaded module [old-lucene-versions]
[2023-11-09T20:52:07,685][INFO ][o.e.p.PluginsService     ] [dynamic-oit-vapornet100-10-8-26-245.princeton.edu] loaded module [x-pack-ilm]
[2023-11-09T20:52:07,685][INFO ][o.e.p.PluginsService     ] [dynamic-oit-vapornet100-10-8-26-245.princeton.edu] loaded module [x-pack-voting-only-node]
[2023-11-09T20:52:07,685][INFO ][o.e.p.PluginsService     ] [dynamic-oit-vapornet100-10-8-26-245.princeton.edu] loaded module [x-pack-deprecation]
[2023-11-09T20:52:07,686][INFO ][o.e.p.PluginsService     ] [dynamic-oit-vapornet100-10-8-26-245.princeton.edu] loaded module [x-pack-fleet]
[2023-11-09T20:52:07,686][INFO ][o.e.p.PluginsService     ] [dynamic-oit-vapornet100-10-8-26-245.princeton.edu] loaded module [x-pack-profiling]
[2023-11-09T20:52:07,686][INFO ][o.e.p.PluginsService     ] [dynamic-oit-vapornet100-10-8-26-245.princeton.edu] loaded module [x-pack-aggregate-metric]
[2023-11-09T20:52:07,687][INFO ][o.e.p.PluginsService     ] [dynamic-oit-vapornet100-10-8-26-245.princeton.edu] loaded module [x-pack-downsample]
[2023-11-09T20:52:07,688][INFO ][o.e.p.PluginsService     ] [dynamic-oit-vapornet100-10-8-26-245.princeton.edu] loaded module [ingest-geoip]
[2023-11-09T20:52:07,688][INFO ][o.e.p.PluginsService     ] [dynamic-oit-vapornet100-10-8-26-245.princeton.edu] loaded module [inference]
[2023-11-09T20:52:07,689][INFO ][o.e.p.PluginsService     ] [dynamic-oit-vapornet100-10-8-26-245.princeton.edu] loaded module [x-pack-write-load-forecaster]
[2023-11-09T20:52:07,689][INFO ][o.e.p.PluginsService     ] [dynamic-oit-vapornet100-10-8-26-245.princeton.edu] loaded module [search-business-rules]
[2023-11-09T20:52:07,689][INFO ][o.e.p.PluginsService     ] [dynamic-oit-vapornet100-10-8-26-245.princeton.edu] loaded module [wildcard]
[2023-11-09T20:52:07,689][INFO ][o.e.p.PluginsService     ] [dynamic-oit-vapornet100-10-8-26-245.princeton.edu] loaded module [ingest-attachment]
[2023-11-09T20:52:07,689][INFO ][o.e.p.PluginsService     ] [dynamic-oit-vapornet100-10-8-26-245.princeton.edu] loaded module [unsigned-long]
[2023-11-09T20:52:07,689][INFO ][o.e.p.PluginsService     ] [dynamic-oit-vapornet100-10-8-26-245.princeton.edu] loaded module [x-pack-sql]
[2023-11-09T20:52:07,689][INFO ][o.e.p.PluginsService     ] [dynamic-oit-vapornet100-10-8-26-245.princeton.edu] loaded module [runtime-fields-common]
[2023-11-09T20:52:07,690][INFO ][o.e.p.PluginsService     ] [dynamic-oit-vapornet100-10-8-26-245.princeton.edu] loaded module [x-pack-async]
[2023-11-09T20:52:07,690][INFO ][o.e.p.PluginsService     ] [dynamic-oit-vapornet100-10-8-26-245.princeton.edu] loaded module [vector-tile]
[2023-11-09T20:52:07,690][INFO ][o.e.p.PluginsService     ] [dynamic-oit-vapornet100-10-8-26-245.princeton.edu] loaded module [lang-expression]
[2023-11-09T20:52:07,692][INFO ][o.e.p.PluginsService     ] [dynamic-oit-vapornet100-10-8-26-245.princeton.edu] loaded module [x-pack-eql]
[2023-11-09T20:52:11,998][INFO ][o.e.e.NodeEnvironment    ] [dynamic-oit-vapornet100-10-8-26-245.princeton.edu] using [1] data paths, mounts [[/System/Volumes/Data (/dev/disk3s5)]], net usable_space [59.9gb], net total_space [460.4gb], types [apfs]
[2023-11-09T20:52:12,001][INFO ][o.e.e.NodeEnvironment    ] [dynamic-oit-vapornet100-10-8-26-245.princeton.edu] heap size [8gb], compressed ordinary object pointers [true]
[2023-11-09T20:52:12,117][INFO ][o.e.n.Node               ] [dynamic-oit-vapornet100-10-8-26-245.princeton.edu] node name [dynamic-oit-vapornet100-10-8-26-245.princeton.edu], node ID [MeWS785kRAWm5YNwMdqNwA], cluster name [elasticsearch], roles [data_frozen, ingest, data_cold, data, remote_cluster_client, master, data_warm, data_content, transform, data_hot, ml]
[2023-11-09T20:52:16,454][INFO ][o.e.x.m.p.l.CppLogMessageHandler] [dynamic-oit-vapornet100-10-8-26-245.princeton.edu] [controller/85001] [Main.cc@123] controller (64 bit): Version 8.11.0 (Build e39a40d810307c) Copyright (c) 2023 Elasticsearch BV
[2023-11-09T20:52:16,833][INFO ][o.e.x.s.Security         ] [dynamic-oit-vapornet100-10-8-26-245.princeton.edu] Security is enabled
[2023-11-09T20:52:17,610][INFO ][o.e.x.s.a.s.FileRolesStore] [dynamic-oit-vapornet100-10-8-26-245.princeton.edu] parsed [0] roles from file [/Users/ibe/School/AdvancedProgrammingTechniquesCOS333/gigl/elasticsearch-8.11.0/config/roles.yml]
[2023-11-09T20:52:18,732][INFO ][o.e.x.p.ProfilingPlugin  ] [dynamic-oit-vapornet100-10-8-26-245.princeton.edu] Profiling is enabled
[2023-11-09T20:52:18,787][INFO ][o.e.x.p.ProfilingPlugin  ] [dynamic-oit-vapornet100-10-8-26-245.princeton.edu] profiling index templates will not be installed or reinstalled
[2023-11-09T20:52:19,502][INFO ][o.e.t.n.NettyAllocator   ] [dynamic-oit-vapornet100-10-8-26-245.princeton.edu] creating NettyAllocator with the following configs: [name=elasticsearch_configured, chunk_size=1mb, suggested_max_allocation_size=1mb, factors={es.unsafe.use_netty_default_chunk_and_page_size=false, g1gc_enabled=true, g1gc_region_size=4mb}]
[2023-11-09T20:52:19,554][INFO ][o.e.i.r.RecoverySettings ] [dynamic-oit-vapornet100-10-8-26-245.princeton.edu] using rate limit [40mb] with [default=40mb, read=0b, write=0b, max=0b]
[2023-11-09T20:52:19,614][INFO ][o.e.d.DiscoveryModule    ] [dynamic-oit-vapornet100-10-8-26-245.princeton.edu] using discovery type [multi-node] and seed hosts providers [settings]
[2023-11-09T20:52:22,010][INFO ][o.e.n.Node               ] [dynamic-oit-vapornet100-10-8-26-245.princeton.edu] initialized
[2023-11-09T20:52:22,024][INFO ][o.e.n.Node               ] [dynamic-oit-vapornet100-10-8-26-245.princeton.edu] starting ...
[2023-11-09T20:52:22,159][INFO ][o.e.x.s.c.f.PersistentCache] [dynamic-oit-vapornet100-10-8-26-245.princeton.edu] persistent cache index loaded
[2023-11-09T20:52:22,165][INFO ][o.e.x.d.l.DeprecationIndexingComponent] [dynamic-oit-vapornet100-10-8-26-245.princeton.edu] deprecation component started
[2023-11-09T20:52:22,368][INFO ][o.e.t.TransportService   ] [dynamic-oit-vapornet100-10-8-26-245.princeton.edu] publish_address {127.0.0.1:9300}, bound_addresses {[::1]:9300}, {127.0.0.1:9300}
[2023-11-09T20:52:23,170][WARN ][o.e.c.c.ClusterBootstrapService] [dynamic-oit-vapornet100-10-8-26-245.princeton.edu] this node is locked into cluster UUID [_-sDEvthRWyuzskVWHLB2w] but [cluster.initial_master_nodes] is set to [dynamic-oit-vapornet100-10-8-26-245.princeton.edu]; remove this setting to avoid possible data loss caused by subsequent cluster bootstrap attempts; for further information see https://www.elastic.co/guide/en/elasticsearch/reference/8.11/important-settings.html#initial_master_nodes
[2023-11-09T20:52:23,415][INFO ][o.e.c.s.MasterService    ] [dynamic-oit-vapornet100-10-8-26-245.princeton.edu] elected-as-master ([1] nodes joined in term 3)[_FINISH_ELECTION_, {dynamic-oit-vapornet100-10-8-26-245.princeton.edu}{MeWS785kRAWm5YNwMdqNwA}{n592QPO0T9mJo6JLEtjX2w}{dynamic-oit-vapornet100-10-8-26-245.princeton.edu}{127.0.0.1}{127.0.0.1:9300}{cdfhilmrstw}{8.11.0}{7000099-8500003} completing election], term: 3, version: 46, delta: master node changed {previous [], current [{dynamic-oit-vapornet100-10-8-26-245.princeton.edu}{MeWS785kRAWm5YNwMdqNwA}{n592QPO0T9mJo6JLEtjX2w}{dynamic-oit-vapornet100-10-8-26-245.princeton.edu}{127.0.0.1}{127.0.0.1:9300}{cdfhilmrstw}{8.11.0}{7000099-8500003}]}
[2023-11-09T20:52:23,542][INFO ][o.e.c.s.ClusterApplierService] [dynamic-oit-vapornet100-10-8-26-245.princeton.edu] master node changed {previous [], current [{dynamic-oit-vapornet100-10-8-26-245.princeton.edu}{MeWS785kRAWm5YNwMdqNwA}{n592QPO0T9mJo6JLEtjX2w}{dynamic-oit-vapornet100-10-8-26-245.princeton.edu}{127.0.0.1}{127.0.0.1:9300}{cdfhilmrstw}{8.11.0}{7000099-8500003}]}, term: 3, version: 46, reason: Publication{term=3, version=46}
[2023-11-09T20:52:23,581][INFO ][o.e.c.f.AbstractFileWatchingService] [dynamic-oit-vapornet100-10-8-26-245.princeton.edu] starting file watcher ...
[2023-11-09T20:52:23,587][INFO ][o.e.c.f.AbstractFileWatchingService] [dynamic-oit-vapornet100-10-8-26-245.princeton.edu] file settings service up and running [tid=78]
[2023-11-09T20:52:23,596][INFO ][o.e.c.c.NodeJoinExecutor ] [dynamic-oit-vapornet100-10-8-26-245.princeton.edu] node-join: [{dynamic-oit-vapornet100-10-8-26-245.princeton.edu}{MeWS785kRAWm5YNwMdqNwA}{n592QPO0T9mJo6JLEtjX2w}{dynamic-oit-vapornet100-10-8-26-245.princeton.edu}{127.0.0.1}{127.0.0.1:9300}{cdfhilmrstw}{8.11.0}{7000099-8500003}] with reason [completing election]
[2023-11-09T20:52:23,596][INFO ][o.e.h.AbstractHttpServerTransport] [dynamic-oit-vapornet100-10-8-26-245.princeton.edu] publish_address {127.0.0.1:9200}, bound_addresses {127.0.0.1:9200}
[2023-11-09T20:52:23,597][INFO ][o.e.n.Node               ] [dynamic-oit-vapornet100-10-8-26-245.princeton.edu] started {dynamic-oit-vapornet100-10-8-26-245.princeton.edu}{MeWS785kRAWm5YNwMdqNwA}{n592QPO0T9mJo6JLEtjX2w}{dynamic-oit-vapornet100-10-8-26-245.princeton.edu}{127.0.0.1}{127.0.0.1:9300}{cdfhilmrstw}{8.11.0}{7000099-8500003}{ml.allocated_processors_double=8.0, ml.allocated_processors=8, ml.machine_memory=17179869184, transform.config_version=10.0.0, xpack.installed=true, ml.config_version=11.0.0, ml.max_jvm_size=8589934592}
[2023-11-09T20:52:24,113][INFO ][o.e.l.ClusterStateLicenseService] [dynamic-oit-vapornet100-10-8-26-245.princeton.edu] license [1f699684-6cf7-41f2-a223-a7dfb8c7a98d] mode [basic] - valid
[2023-11-09T20:52:24,114][INFO ][o.e.x.s.a.Realms         ] [dynamic-oit-vapornet100-10-8-26-245.princeton.edu] license mode is [basic], currently licensed security realms are [reserved/reserved,file/default_file,native/default_native]
[2023-11-09T20:52:24,123][INFO ][o.e.g.GatewayService     ] [dynamic-oit-vapornet100-10-8-26-245.princeton.edu] recovered [1] indices into cluster_state
[2023-11-09T20:52:24,485][INFO ][o.e.i.m.MapperService    ] [dynamic-oit-vapornet100-10-8-26-245.princeton.edu] [.security-7] reloading search analyzers
[2023-11-09T20:52:24,633][INFO ][o.e.h.n.s.HealthNodeTaskExecutor] [dynamic-oit-vapornet100-10-8-26-245.princeton.edu] Node [{dynamic-oit-vapornet100-10-8-26-245.princeton.edu}{MeWS785kRAWm5YNwMdqNwA}] is selected as the current health node.
[2023-11-09T20:52:24,684][INFO ][o.e.c.r.a.AllocationService] [dynamic-oit-vapornet100-10-8-26-245.princeton.edu] current.health="GREEN" message="Cluster health status changed from [RED] to [GREEN] (reason: [shards started [[.security-7][0]]])." previous.health="RED" reason="shards started [[.security-7][0]]"
[2023-11-09T20:52:53,602][INFO ][o.e.c.r.a.DiskThresholdMonitor] [dynamic-oit-vapornet100-10-8-26-245.princeton.edu] low disk watermark [85%] exceeded on [MeWS785kRAWm5YNwMdqNwA][dynamic-oit-vapornet100-10-8-26-245.princeton.edu][/Users/ibe/School/AdvancedProgrammingTechniquesCOS333/gigl/elasticsearch-8.11.0/data] free: 59.9gb[13%], replicas will not be assigned to this node
[2023-11-09T20:56:31,077][WARN ][o.e.h.n.Netty4HttpServerTransport] [dynamic-oit-vapornet100-10-8-26-245.princeton.edu] received plaintext http traffic on an https channel, closing connection Netty4HttpChannel{localAddress=/127.0.0.1:9200, remoteAddress=/127.0.0.1:51773}
[2023-11-09T20:57:06,578][WARN ][o.e.h.n.Netty4HttpServerTransport] [dynamic-oit-vapornet100-10-8-26-245.princeton.edu] received plaintext http traffic on an https channel, closing connection Netty4HttpChannel{localAddress=/127.0.0.1:9200, remoteAddress=/127.0.0.1:51779}
[2023-11-09T20:57:06,583][WARN ][o.e.h.n.Netty4HttpServerTransport] [dynamic-oit-vapornet100-10-8-26-245.princeton.edu] received plaintext http traffic on an https channel, closing connection Netty4HttpChannel{localAddress=/127.0.0.1:9200, remoteAddress=/127.0.0.1:51781}
[2023-11-09T20:57:06,586][WARN ][o.e.h.n.Netty4HttpServerTransport] [dynamic-oit-vapornet100-10-8-26-245.princeton.edu] received plaintext http traffic on an https channel, closing connection Netty4HttpChannel{localAddress=/127.0.0.1:9200, remoteAddress=/127.0.0.1:51783}
[2023-11-09T20:57:06,589][WARN ][o.e.h.n.Netty4HttpServerTransport] [dynamic-oit-vapornet100-10-8-26-245.princeton.edu] received plaintext http traffic on an https channel, closing connection Netty4HttpChannel{localAddress=/127.0.0.1:9200, remoteAddress=/127.0.0.1:51785}
[2023-11-09T21:06:31,015][WARN ][o.e.h.n.Netty4HttpServerTransport] [dynamic-oit-vapornet100-10-8-26-245.princeton.edu] received plaintext http traffic on an https channel, closing connection Netty4HttpChannel{localAddress=/127.0.0.1:9200, remoteAddress=/127.0.0.1:51820}
[2023-11-09T21:06:31,020][WARN ][o.e.h.n.Netty4HttpServerTransport] [dynamic-oit-vapornet100-10-8-26-245.princeton.edu] received plaintext http traffic on an https channel, closing connection Netty4HttpChannel{localAddress=/127.0.0.1:9200, remoteAddress=/127.0.0.1:51822}
[2023-11-09T21:06:31,024][WARN ][o.e.h.n.Netty4HttpServerTransport] [dynamic-oit-vapornet100-10-8-26-245.princeton.edu] received plaintext http traffic on an https channel, closing connection Netty4HttpChannel{localAddress=/127.0.0.1:9200, remoteAddress=/127.0.0.1:51824}
[2023-11-09T21:06:31,027][WARN ][o.e.h.n.Netty4HttpServerTransport] [dynamic-oit-vapornet100-10-8-26-245.princeton.edu] received plaintext http traffic on an https channel, closing connection Netty4HttpChannel{localAddress=/127.0.0.1:9200, remoteAddress=/127.0.0.1:51826}
[2023-11-09T21:42:16,156][INFO ][o.e.c.m.MetadataCreateIndexService] [dynamic-oit-vapornet100-10-8-26-245.princeton.edu] [gigs] creating index, cause [auto(bulk api)], templates [], shards [1]/[1]
[2023-11-09T21:42:16,328][INFO ][o.e.i.m.MapperService    ] [dynamic-oit-vapornet100-10-8-26-245.princeton.edu] [gigs] reloading search analyzers
[2023-11-09T21:42:16,562][INFO ][o.e.c.m.MetadataMappingService] [dynamic-oit-vapornet100-10-8-26-245.princeton.edu] [gigs/2ocrnp3dTKKuhKmKS1BrRw] create_mapping
[2023-11-09T21:45:15,086][WARN ][o.e.t.ThreadPool         ] [dynamic-oit-vapornet100-10-8-26-245.princeton.edu] timer thread slept for [24.3s/24389ms] on absolute clock which is above the warn threshold of [5000ms]
[2023-11-09T21:54:56,852][WARN ][o.e.t.ThreadPool         ] [dynamic-oit-vapornet100-10-8-26-245.princeton.edu] timer thread slept for [9.4m/569226ms] on absolute clock which is above the warn threshold of [5000ms]
